[ 2015-06-28T21:32:39+08:00 ] 127.0.0.1 /project/slaker/index.php?m=User&c=Public&a=reg
INFO: [ app_init ] --START--
INFO: Run Behavior\BuildLiteBehavior [ RunTime:0.000019s ]
INFO: [ app_init ] --END-- [ RunTime:0.000107s ]
INFO: [ app_begin ] --START--
INFO: Run Behavior\ReadHtmlCacheBehavior [ RunTime:0.001455s ]
INFO: [ app_begin ] --END-- [ RunTime:0.001541s ]
ERR: 无法加载控制器:Public

[ 2015-06-28T21:34:41+08:00 ] 127.0.0.1 /project/slaker/index.php?m=User&c=Public&a=reg
INFO: [ app_init ] --START--
INFO: Run Behavior\BuildLiteBehavior [ RunTime:0.000048s ]
INFO: [ app_init ] --END-- [ RunTime:0.000129s ]
INFO: [ app_begin ] --START--
INFO: Run Behavior\ReadHtmlCacheBehavior [ RunTime:0.001702s ]
INFO: [ app_begin ] --END-- [ RunTime:0.001834s ]
ERR: 无法加载控制器:Public

[ 2015-06-28T21:34:42+08:00 ] 127.0.0.1 /project/slaker/index.php?m=User&c=Public&a=reg
INFO: [ app_init ] --START--
INFO: Run Behavior\BuildLiteBehavior [ RunTime:0.000019s ]
INFO: [ app_init ] --END-- [ RunTime:0.000105s ]
INFO: [ app_begin ] --START--
INFO: Run Behavior\ReadHtmlCacheBehavior [ RunTime:0.001414s ]
INFO: [ app_begin ] --END-- [ RunTime:0.001502s ]
ERR: 无法加载控制器:Public

[ 2015-06-28T21:34:42+08:00 ] 127.0.0.1 /project/slaker/index.php?m=User&c=Public&a=reg
INFO: [ app_init ] --START--
INFO: Run Behavior\BuildLiteBehavior [ RunTime:0.000019s ]
INFO: [ app_init ] --END-- [ RunTime:0.000108s ]
INFO: [ app_begin ] --START--
INFO: Run Behavior\ReadHtmlCacheBehavior [ RunTime:0.001365s ]
INFO: [ app_begin ] --END-- [ RunTime:0.001451s ]
ERR: 无法加载控制器:Public

[ 2015-06-28T21:34:42+08:00 ] 127.0.0.1 /project/slaker/index.php?m=User&c=Public&a=reg
INFO: [ app_init ] --START--
INFO: Run Behavior\BuildLiteBehavior [ RunTime:0.000019s ]
INFO: [ app_init ] --END-- [ RunTime:0.000098s ]
INFO: [ app_begin ] --START--
INFO: Run Behavior\ReadHtmlCacheBehavior [ RunTime:0.001297s ]
INFO: [ app_begin ] --END-- [ RunTime:0.001379s ]
ERR: 无法加载控制器:Public

[ 2015-06-28T21:34:42+08:00 ] 127.0.0.1 /project/slaker/index.php?m=User&c=Public&a=reg
INFO: [ app_init ] --START--
INFO: Run Behavior\BuildLiteBehavior [ RunTime:0.000019s ]
INFO: [ app_init ] --END-- [ RunTime:0.000100s ]
INFO: [ app_begin ] --START--
INFO: Run Behavior\ReadHtmlCacheBehavior [ RunTime:0.001346s ]
INFO: [ app_begin ] --END-- [ RunTime:0.001442s ]
ERR: 无法加载控制器:Public

[ 2015-06-28T21:38:20+08:00 ] 127.0.0.1 /project/slaker/index.php?m=User&c=Public&a=reg
INFO: [ app_init ] --START--
INFO: Run Behavior\BuildLiteBehavior [ RunTime:0.000027s ]
INFO: [ app_init ] --END-- [ RunTime:0.000166s ]
INFO: [ app_begin ] --START--
INFO: Run Behavior\ReadHtmlCacheBehavior [ RunTime:0.002250s ]
INFO: [ app_begin ] --END-- [ RunTime:0.002379s ]
ERR: 无法加载控制器:Public

[ 2015-06-28T21:38:21+08:00 ] 127.0.0.1 /project/slaker/index.php?m=User&c=Public&a=reg
INFO: [ app_init ] --START--
INFO: Run Behavior\BuildLiteBehavior [ RunTime:0.000017s ]
INFO: [ app_init ] --END-- [ RunTime:0.000108s ]
INFO: [ app_begin ] --START--
INFO: Run Behavior\ReadHtmlCacheBehavior [ RunTime:0.001420s ]
INFO: [ app_begin ] --END-- [ RunTime:0.001500s ]
ERR: 无法加载控制器:Public

[ 2015-06-28T21:38:21+08:00 ] 127.0.0.1 /project/slaker/index.php?m=User&c=Public&a=reg
INFO: [ app_init ] --START--
INFO: Run Behavior\BuildLiteBehavior [ RunTime:0.000018s ]
INFO: [ app_init ] --END-- [ RunTime:0.000094s ]
INFO: [ app_begin ] --START--
INFO: Run Behavior\ReadHtmlCacheBehavior [ RunTime:0.002215s ]
INFO: [ app_begin ] --END-- [ RunTime:0.002309s ]
ERR: 无法加载控制器:Public

[ 2015-06-28T21:38:21+08:00 ] 127.0.0.1 /project/slaker/index.php?m=User&c=Public&a=reg
INFO: [ app_init ] --START--
INFO: Run Behavior\BuildLiteBehavior [ RunTime:0.000017s ]
INFO: [ app_init ] --END-- [ RunTime:0.000094s ]
INFO: [ app_begin ] --START--
INFO: Run Behavior\ReadHtmlCacheBehavior [ RunTime:0.001660s ]
INFO: [ app_begin ] --END-- [ RunTime:0.001956s ]
ERR: 无法加载控制器:Public

[ 2015-06-28T21:38:21+08:00 ] 127.0.0.1 /project/slaker/index.php?m=User&c=Public&a=reg
INFO: [ app_init ] --START--
INFO: Run Behavior\BuildLiteBehavior [ RunTime:0.000017s ]
INFO: [ app_init ] --END-- [ RunTime:0.000096s ]
INFO: [ app_begin ] --START--
INFO: Run Behavior\ReadHtmlCacheBehavior [ RunTime:0.001510s ]
INFO: [ app_begin ] --END-- [ RunTime:0.001596s ]
ERR: 无法加载控制器:Public

[ 2015-06-28T21:38:26+08:00 ] 127.0.0.1 /project/slaker/index.php?m=User&c=Public&a=reg
INFO: [ app_init ] --START--
INFO: Run Behavior\BuildLiteBehavior [ RunTime:0.000017s ]
INFO: [ app_init ] --END-- [ RunTime:0.000091s ]
INFO: [ app_begin ] --START--
INFO: Run Behavior\ReadHtmlCacheBehavior [ RunTime:0.001398s ]
INFO: [ app_begin ] --END-- [ RunTime:0.001477s ]
ERR: 无法加载控制器:Public

[ 2015-06-28T21:38:27+08:00 ] 127.0.0.1 /project/slaker/index.php?m=User&c=Public&a=reg
INFO: [ app_init ] --START--
INFO: Run Behavior\BuildLiteBehavior [ RunTime:0.000024s ]
INFO: [ app_init ] --END-- [ RunTime:0.000143s ]
INFO: [ app_begin ] --START--
INFO: Run Behavior\ReadHtmlCacheBehavior [ RunTime:0.001518s ]
INFO: [ app_begin ] --END-- [ RunTime:0.001627s ]
ERR: 无法加载控制器:Public

[ 2015-06-28T21:38:27+08:00 ] 127.0.0.1 /project/slaker/index.php?m=User&c=Public&a=reg
INFO: [ app_init ] --START--
INFO: Run Behavior\BuildLiteBehavior [ RunTime:0.000016s ]
INFO: [ app_init ] --END-- [ RunTime:0.000093s ]
INFO: [ app_begin ] --START--
INFO: Run Behavior\ReadHtmlCacheBehavior [ RunTime:0.001411s ]
INFO: [ app_begin ] --END-- [ RunTime:0.001495s ]
ERR: 无法加载控制器:Public

[ 2015-06-28T21:38:27+08:00 ] 127.0.0.1 /project/slaker/index.php?m=User&c=Public&a=reg
INFO: [ app_init ] --START--
INFO: Run Behavior\BuildLiteBehavior [ RunTime:0.000022s ]
INFO: [ app_init ] --END-- [ RunTime:0.000116s ]
INFO: [ app_begin ] --START--
INFO: Run Behavior\ReadHtmlCacheBehavior [ RunTime:0.001523s ]
INFO: [ app_begin ] --END-- [ RunTime:0.001622s ]
ERR: 无法加载控制器:Public

[ 2015-06-28T21:40:30+08:00 ] 127.0.0.1 /project/slaker/index.php?m=User&c=Public&a=reg
INFO: [ app_init ] --START--
INFO: Run Behavior\BuildLiteBehavior [ RunTime:0.000072s ]
INFO: [ app_init ] --END-- [ RunTime:0.000228s ]
INFO: [ app_begin ] --START--
INFO: Run Behavior\ReadHtmlCacheBehavior [ RunTime:0.001673s ]
INFO: [ app_begin ] --END-- [ RunTime:0.001788s ]
ERR: 无法加载控制器:Public

[ 2015-06-28T21:40:30+08:00 ] 127.0.0.1 /project/slaker/index.php?m=User&c=Public&a=reg
INFO: [ app_init ] --START--
INFO: Run Behavior\BuildLiteBehavior [ RunTime:0.000025s ]
INFO: [ app_init ] --END-- [ RunTime:0.000130s ]
INFO: [ app_begin ] --START--
INFO: Run Behavior\ReadHtmlCacheBehavior [ RunTime:0.001543s ]
INFO: [ app_begin ] --END-- [ RunTime:0.001647s ]
ERR: 无法加载控制器:Public

[ 2015-06-28T21:40:31+08:00 ] 127.0.0.1 /project/slaker/index.php?m=User&c=Public&a=reg
INFO: [ app_init ] --START--
INFO: Run Behavior\BuildLiteBehavior [ RunTime:0.000017s ]
INFO: [ app_init ] --END-- [ RunTime:0.000094s ]
INFO: [ app_begin ] --START--
INFO: Run Behavior\ReadHtmlCacheBehavior [ RunTime:0.001526s ]
INFO: [ app_begin ] --END-- [ RunTime:0.001627s ]
ERR: 无法加载控制器:Public

[ 2015-06-28T21:40:31+08:00 ] 127.0.0.1 /project/slaker/index.php?m=User&c=Public&a=reg
INFO: [ app_init ] --START--
INFO: Run Behavior\BuildLiteBehavior [ RunTime:0.000020s ]
INFO: [ app_init ] --END-- [ RunTime:0.000110s ]
INFO: [ app_begin ] --START--
INFO: Run Behavior\ReadHtmlCacheBehavior [ RunTime:0.001485s ]
INFO: [ app_begin ] --END-- [ RunTime:0.001584s ]
ERR: 无法加载控制器:Public

[ 2015-06-28T21:40:32+08:00 ] 127.0.0.1 /project/slaker/index.php?m=User&c=Public&a=reg
INFO: [ app_init ] --START--
INFO: Run Behavior\BuildLiteBehavior [ RunTime:0.000018s ]
INFO: [ app_init ] --END-- [ RunTime:0.000103s ]
INFO: [ app_begin ] --START--
INFO: Run Behavior\ReadHtmlCacheBehavior [ RunTime:0.001562s ]
INFO: [ app_begin ] --END-- [ RunTime:0.001645s ]
ERR: 无法加载控制器:Public

[ 2015-06-28T21:40:41+08:00 ] 127.0.0.1 /project/slaker/index.php?m=User&c=Public&a=reg
INFO: [ app_init ] --START--
INFO: Run Behavior\BuildLiteBehavior [ RunTime:0.000059s ]
INFO: [ app_init ] --END-- [ RunTime:0.000575s ]
INFO: [ app_begin ] --START--
INFO: Run Behavior\ReadHtmlCacheBehavior [ RunTime:0.001492s ]
INFO: [ app_begin ] --END-- [ RunTime:0.001584s ]
ERR: 无法加载控制器:Public

[ 2015-06-28T21:40:41+08:00 ] 127.0.0.1 /project/slaker/index.php?m=User&c=Public&a=reg
INFO: [ app_init ] --START--
INFO: Run Behavior\BuildLiteBehavior [ RunTime:0.000019s ]
INFO: [ app_init ] --END-- [ RunTime:0.000104s ]
INFO: [ app_begin ] --START--
INFO: Run Behavior\ReadHtmlCacheBehavior [ RunTime:0.001598s ]
INFO: [ app_begin ] --END-- [ RunTime:0.001744s ]
ERR: 无法加载控制器:Public

[ 2015-06-28T21:40:42+08:00 ] 127.0.0.1 /project/slaker/index.php?m=User&c=Public&a=reg
INFO: [ app_init ] --START--
INFO: Run Behavior\BuildLiteBehavior [ RunTime:0.000027s ]
INFO: [ app_init ] --END-- [ RunTime:0.000143s ]
INFO: [ app_begin ] --START--
INFO: Run Behavior\ReadHtmlCacheBehavior [ RunTime:0.002167s ]
INFO: [ app_begin ] --END-- [ RunTime:0.002304s ]
ERR: 无法加载控制器:Public

[ 2015-06-28T21:40:42+08:00 ] 127.0.0.1 /project/slaker/index.php?m=User&c=Public&a=reg
INFO: [ app_init ] --START--
INFO: Run Behavior\BuildLiteBehavior [ RunTime:0.000018s ]
INFO: [ app_init ] --END-- [ RunTime:0.000098s ]
INFO: [ app_begin ] --START--
INFO: Run Behavior\ReadHtmlCacheBehavior [ RunTime:0.001461s ]
INFO: [ app_begin ] --END-- [ RunTime:0.001560s ]
ERR: 无法加载控制器:Public

[ 2015-06-28T21:40:42+08:00 ] 127.0.0.1 /project/slaker/index.php?m=User&c=Public&a=reg
INFO: [ app_init ] --START--
INFO: Run Behavior\BuildLiteBehavior [ RunTime:0.000017s ]
INFO: [ app_init ] --END-- [ RunTime:0.000094s ]
INFO: [ app_begin ] --START--
INFO: Run Behavior\ReadHtmlCacheBehavior [ RunTime:0.001514s ]
INFO: [ app_begin ] --END-- [ RunTime:0.001632s ]
ERR: 无法加载控制器:Public

[ 2015-06-28T21:40:42+08:00 ] 127.0.0.1 /project/slaker/index.php?m=User&c=Public&a=reg
INFO: [ app_init ] --START--
INFO: Run Behavior\BuildLiteBehavior [ RunTime:0.000018s ]
INFO: [ app_init ] --END-- [ RunTime:0.000113s ]
INFO: [ app_begin ] --START--
INFO: Run Behavior\ReadHtmlCacheBehavior [ RunTime:0.001788s ]
INFO: [ app_begin ] --END-- [ RunTime:0.001920s ]
ERR: 无法加载控制器:Public

[ 2015-06-28T21:40:44+08:00 ] 127.0.0.1 /project/slaker/index.php?m=User&c=Public&a=reg
INFO: [ app_init ] --START--
INFO: Run Behavior\BuildLiteBehavior [ RunTime:0.000025s ]
INFO: [ app_init ] --END-- [ RunTime:0.000115s ]
INFO: [ app_begin ] --START--
INFO: Run Behavior\ReadHtmlCacheBehavior [ RunTime:0.001458s ]
INFO: [ app_begin ] --END-- [ RunTime:0.001550s ]
ERR: 无法加载控制器:Public

[ 2015-06-28T21:41:12+08:00 ] 127.0.0.1 /project/slaker/index.php?m=User&c=Public&a=reg
INFO: [ app_init ] --START--
INFO: Run Behavior\BuildLiteBehavior [ RunTime:0.000024s ]
INFO: [ app_init ] --END-- [ RunTime:0.000140s ]
INFO: [ app_begin ] --START--
INFO: Run Behavior\ReadHtmlCacheBehavior [ RunTime:0.002246s ]
INFO: [ app_begin ] --END-- [ RunTime:0.002419s ]
ERR: 无法加载控制器:Public

[ 2015-06-28T21:41:13+08:00 ] 127.0.0.1 /project/slaker/index.php?m=User&c=Public&a=reg
INFO: [ app_init ] --START--
INFO: Run Behavior\BuildLiteBehavior [ RunTime:0.000019s ]
INFO: [ app_init ] --END-- [ RunTime:0.000106s ]
INFO: [ app_begin ] --START--
INFO: Run Behavior\ReadHtmlCacheBehavior [ RunTime:0.001608s ]
INFO: [ app_begin ] --END-- [ RunTime:0.001694s ]
ERR: 无法加载控制器:Public

[ 2015-06-28T21:41:13+08:00 ] 127.0.0.1 /project/slaker/index.php?m=User&c=Public&a=reg
INFO: [ app_init ] --START--
INFO: Run Behavior\BuildLiteBehavior [ RunTime:0.000026s ]
INFO: [ app_init ] --END-- [ RunTime:0.000156s ]
INFO: [ app_begin ] --START--
INFO: Run Behavior\ReadHtmlCacheBehavior [ RunTime:0.002167s ]
INFO: [ app_begin ] --END-- [ RunTime:0.002295s ]
ERR: 无法加载控制器:Public

[ 2015-06-28T21:41:13+08:00 ] 127.0.0.1 /project/slaker/index.php?m=User&c=Public&a=reg
INFO: [ app_init ] --START--
INFO: Run Behavior\BuildLiteBehavior [ RunTime:0.000017s ]
INFO: [ app_init ] --END-- [ RunTime:0.000102s ]
INFO: [ app_begin ] --START--
INFO: Run Behavior\ReadHtmlCacheBehavior [ RunTime:0.002222s ]
INFO: [ app_begin ] --END-- [ RunTime:0.002332s ]
ERR: 无法加载控制器:Public

[ 2015-06-28T21:41:14+08:00 ] 127.0.0.1 /project/slaker/index.php?m=User&c=Public&a=reg
INFO: [ app_init ] --START--
INFO: Run Behavior\BuildLiteBehavior [ RunTime:0.000032s ]
INFO: [ app_init ] --END-- [ RunTime:0.000240s ]
INFO: [ app_begin ] --START--
INFO: Run Behavior\ReadHtmlCacheBehavior [ RunTime:0.002732s ]
INFO: [ app_begin ] --END-- [ RunTime:0.002874s ]
ERR: 无法加载控制器:Public

[ 2015-06-28T21:41:14+08:00 ] 127.0.0.1 /project/slaker/index.php?m=User&c=Public&a=reg
INFO: [ app_init ] --START--
INFO: Run Behavior\BuildLiteBehavior [ RunTime:0.000016s ]
INFO: [ app_init ] --END-- [ RunTime:0.000103s ]
INFO: [ app_begin ] --START--
INFO: Run Behavior\ReadHtmlCacheBehavior [ RunTime:0.008049s ]
INFO: [ app_begin ] --END-- [ RunTime:0.008231s ]
ERR: 无法加载控制器:Public

[ 2015-06-28T21:41:14+08:00 ] 127.0.0.1 /project/slaker/index.php?m=User&c=Public&a=reg
INFO: [ app_init ] --START--
INFO: Run Behavior\BuildLiteBehavior [ RunTime:0.000028s ]
INFO: [ app_init ] --END-- [ RunTime:0.000560s ]
INFO: [ app_begin ] --START--
INFO: Run Behavior\ReadHtmlCacheBehavior [ RunTime:0.004204s ]
INFO: [ app_begin ] --END-- [ RunTime:0.004324s ]
ERR: 无法加载控制器:Public

[ 2015-06-28T21:41:14+08:00 ] 127.0.0.1 /project/slaker/index.php?m=User&c=Public&a=reg
INFO: [ app_init ] --START--
INFO: Run Behavior\BuildLiteBehavior [ RunTime:0.000022s ]
INFO: [ app_init ] --END-- [ RunTime:0.000124s ]
INFO: [ app_begin ] --START--
INFO: Run Behavior\ReadHtmlCacheBehavior [ RunTime:0.001942s ]
INFO: [ app_begin ] --END-- [ RunTime:0.002077s ]
ERR: 无法加载控制器:Public

[ 2015-06-28T21:41:14+08:00 ] 127.0.0.1 /project/slaker/index.php?m=User&c=Public&a=reg
INFO: [ app_init ] --START--
INFO: Run Behavior\BuildLiteBehavior [ RunTime:0.000019s ]
INFO: [ app_init ] --END-- [ RunTime:0.000111s ]
INFO: [ app_begin ] --START--
INFO: Run Behavior\ReadHtmlCacheBehavior [ RunTime:0.005433s ]
INFO: [ app_begin ] --END-- [ RunTime:0.005542s ]
ERR: 无法加载控制器:Public

[ 2015-06-28T21:41:14+08:00 ] 127.0.0.1 /project/slaker/index.php?m=User&c=Public&a=reg
INFO: [ app_init ] --START--
INFO: Run Behavior\BuildLiteBehavior [ RunTime:0.000022s ]
INFO: [ app_init ] --END-- [ RunTime:0.000116s ]
INFO: [ app_begin ] --START--
INFO: Run Behavior\ReadHtmlCacheBehavior [ RunTime:0.001804s ]
INFO: [ app_begin ] --END-- [ RunTime:0.001916s ]
ERR: 无法加载控制器:Public

[ 2015-06-28T21:41:14+08:00 ] 127.0.0.1 /project/slaker/index.php?m=User&c=Public&a=reg
INFO: [ app_init ] --START--
INFO: Run Behavior\BuildLiteBehavior [ RunTime:0.000021s ]
INFO: [ app_init ] --END-- [ RunTime:0.000109s ]
INFO: [ app_begin ] --START--
INFO: Run Behavior\ReadHtmlCacheBehavior [ RunTime:0.002057s ]
INFO: [ app_begin ] --END-- [ RunTime:0.002391s ]
ERR: 无法加载控制器:Public

[ 2015-06-28T21:41:14+08:00 ] 127.0.0.1 /project/slaker/index.php?m=User&c=Public&a=reg
INFO: [ app_init ] --START--
INFO: Run Behavior\BuildLiteBehavior [ RunTime:0.000024s ]
INFO: [ app_init ] --END-- [ RunTime:0.000135s ]
INFO: [ app_begin ] --START--
INFO: Run Behavior\ReadHtmlCacheBehavior [ RunTime:0.002917s ]
INFO: [ app_begin ] --END-- [ RunTime:0.003050s ]
ERR: 无法加载控制器:Public

[ 2015-06-28T21:41:14+08:00 ] 127.0.0.1 /project/slaker/index.php?m=User&c=Public&a=reg
INFO: [ app_init ] --START--
INFO: Run Behavior\BuildLiteBehavior [ RunTime:0.000016s ]
INFO: [ app_init ] --END-- [ RunTime:0.000091s ]
INFO: [ app_begin ] --START--
INFO: Run Behavior\ReadHtmlCacheBehavior [ RunTime:0.000848s ]
INFO: [ app_begin ] --END-- [ RunTime:0.000928s ]
ERR: 无法加载控制器:Public

[ 2015-06-28T21:41:14+08:00 ] 127.0.0.1 /project/slaker/index.php?m=User&c=Public&a=reg
INFO: [ app_init ] --START--
INFO: Run Behavior\BuildLiteBehavior [ RunTime:0.000028s ]
INFO: [ app_init ] --END-- [ RunTime:0.000118s ]
INFO: [ app_begin ] --START--
INFO: Run Behavior\ReadHtmlCacheBehavior [ RunTime:0.002088s ]
INFO: [ app_begin ] --END-- [ RunTime:0.002208s ]
ERR: 无法加载控制器:Public

[ 2015-06-28T21:41:14+08:00 ] 127.0.0.1 /project/slaker/index.php?m=User&c=Public&a=reg
INFO: [ app_init ] --START--
INFO: Run Behavior\BuildLiteBehavior [ RunTime:0.000017s ]
INFO: [ app_init ] --END-- [ RunTime:0.000094s ]
INFO: [ app_begin ] --START--
INFO: Run Behavior\ReadHtmlCacheBehavior [ RunTime:0.000856s ]
INFO: [ app_begin ] --END-- [ RunTime:0.000934s ]
ERR: 无法加载控制器:Public

[ 2015-06-28T21:41:14+08:00 ] 127.0.0.1 /project/slaker/index.php?m=User&c=Public&a=reg
INFO: [ app_init ] --START--
INFO: Run Behavior\BuildLiteBehavior [ RunTime:0.000020s ]
INFO: [ app_init ] --END-- [ RunTime:0.000111s ]
INFO: [ app_begin ] --START--
INFO: Run Behavior\ReadHtmlCacheBehavior [ RunTime:0.002424s ]
INFO: [ app_begin ] --END-- [ RunTime:0.002624s ]
ERR: 无法加载控制器:Public

[ 2015-06-28T21:41:14+08:00 ] 127.0.0.1 /project/slaker/index.php?m=User&c=Public&a=reg
INFO: [ app_init ] --START--
INFO: Run Behavior\BuildLiteBehavior [ RunTime:0.000016s ]
INFO: [ app_init ] --END-- [ RunTime:0.000090s ]
INFO: [ app_begin ] --START--
INFO: Run Behavior\ReadHtmlCacheBehavior [ RunTime:0.000845s ]
INFO: [ app_begin ] --END-- [ RunTime:0.000922s ]
ERR: 无法加载控制器:Public

[ 2015-06-28T21:41:17+08:00 ] 127.0.0.1 /project/slaker/index.php?m=User&c=Public&a=reg
INFO: [ app_init ] --START--
INFO: Run Behavior\BuildLiteBehavior [ RunTime:0.000016s ]
INFO: [ app_init ] --END-- [ RunTime:0.000092s ]
INFO: [ app_begin ] --START--
INFO: Run Behavior\ReadHtmlCacheBehavior [ RunTime:0.000695s ]
INFO: [ app_begin ] --END-- [ RunTime:0.000774s ]
ERR: 无法加载控制器:Public

[ 2015-06-28T21:41:18+08:00 ] 127.0.0.1 /project/slaker/index.php?m=User&c=Public&a=reg
INFO: [ app_init ] --START--
INFO: Run Behavior\BuildLiteBehavior [ RunTime:0.000016s ]
INFO: [ app_init ] --END-- [ RunTime:0.000092s ]
INFO: [ app_begin ] --START--
INFO: Run Behavior\ReadHtmlCacheBehavior [ RunTime:0.000721s ]
INFO: [ app_begin ] --END-- [ RunTime:0.000799s ]
ERR: 无法加载控制器:Public

[ 2015-06-28T21:41:18+08:00 ] 127.0.0.1 /project/slaker/index.php?m=User&c=Public&a=reg
INFO: [ app_init ] --START--
INFO: Run Behavior\BuildLiteBehavior [ RunTime:0.000017s ]
INFO: [ app_init ] --END-- [ RunTime:0.000100s ]
INFO: [ app_begin ] --START--
INFO: Run Behavior\ReadHtmlCacheBehavior [ RunTime:0.000704s ]
INFO: [ app_begin ] --END-- [ RunTime:0.000782s ]
ERR: 无法加载控制器:Public

[ 2015-06-28T21:41:18+08:00 ] 127.0.0.1 /project/slaker/index.php?m=User&c=Public&a=reg
INFO: [ app_init ] --START--
INFO: Run Behavior\BuildLiteBehavior [ RunTime:0.000016s ]
INFO: [ app_init ] --END-- [ RunTime:0.000091s ]
INFO: [ app_begin ] --START--
INFO: Run Behavior\ReadHtmlCacheBehavior [ RunTime:0.000721s ]
INFO: [ app_begin ] --END-- [ RunTime:0.000802s ]
ERR: 无法加载控制器:Public

[ 2015-06-28T21:41:18+08:00 ] 127.0.0.1 /project/slaker/index.php?m=User&c=Public&a=reg
INFO: [ app_init ] --START--
INFO: Run Behavior\BuildLiteBehavior [ RunTime:0.000016s ]
INFO: [ app_init ] --END-- [ RunTime:0.000091s ]
INFO: [ app_begin ] --START--
INFO: Run Behavior\ReadHtmlCacheBehavior [ RunTime:0.001167s ]
INFO: [ app_begin ] --END-- [ RunTime:0.001299s ]
ERR: 无法加载控制器:Public

[ 2015-06-28T21:41:18+08:00 ] 127.0.0.1 /project/slaker/index.php?m=User&c=Public&a=reg
INFO: [ app_init ] --START--
INFO: Run Behavior\BuildLiteBehavior [ RunTime:0.000017s ]
INFO: [ app_init ] --END-- [ RunTime:0.000093s ]
INFO: [ app_begin ] --START--
INFO: Run Behavior\ReadHtmlCacheBehavior [ RunTime:0.000723s ]
INFO: [ app_begin ] --END-- [ RunTime:0.000801s ]
ERR: 无法加载控制器:Public

[ 2015-06-28T21:41:19+08:00 ] 127.0.0.1 /project/slaker/index.php?m=User&c=Public&a=reg
INFO: [ app_init ] --START--
INFO: Run Behavior\BuildLiteBehavior [ RunTime:0.000016s ]
INFO: [ app_init ] --END-- [ RunTime:0.000092s ]
INFO: [ app_begin ] --START--
INFO: Run Behavior\ReadHtmlCacheBehavior [ RunTime:0.000856s ]
INFO: [ app_begin ] --END-- [ RunTime:0.000936s ]
ERR: 无法加载控制器:Public

[ 2015-06-28T21:41:54+08:00 ] 127.0.0.1 /project/slaker/index.php?m=User&c=Public&a=reg
INFO: [ app_init ] --START--
INFO: Run Behavior\BuildLiteBehavior [ RunTime:0.000016s ]
INFO: [ app_init ] --END-- [ RunTime:0.000090s ]
INFO: [ app_begin ] --START--
INFO: Run Behavior\ReadHtmlCacheBehavior [ RunTime:0.000718s ]
INFO: [ app_begin ] --END-- [ RunTime:0.000797s ]
ERR: 无法加载控制器:Public

[ 2015-06-28T21:41:54+08:00 ] 127.0.0.1 /project/slaker/index.php?m=User&c=Public&a=reg
INFO: [ app_init ] --START--
INFO: Run Behavior\BuildLiteBehavior [ RunTime:0.000017s ]
INFO: [ app_init ] --END-- [ RunTime:0.000091s ]
INFO: [ app_begin ] --START--
INFO: Run Behavior\ReadHtmlCacheBehavior [ RunTime:0.000907s ]
INFO: [ app_begin ] --END-- [ RunTime:0.001007s ]
ERR: 无法加载控制器:Public

[ 2015-06-28T21:41:55+08:00 ] 127.0.0.1 /project/slaker/index.php?m=User&c=Public&a=reg
INFO: [ app_init ] --START--
INFO: Run Behavior\BuildLiteBehavior [ RunTime:0.000017s ]
INFO: [ app_init ] --END-- [ RunTime:0.000092s ]
INFO: [ app_begin ] --START--
INFO: Run Behavior\ReadHtmlCacheBehavior [ RunTime:0.000701s ]
INFO: [ app_begin ] --END-- [ RunTime:0.000779s ]
ERR: 无法加载控制器:Public

[ 2015-06-28T21:41:55+08:00 ] 127.0.0.1 /project/slaker/index.php?m=User&c=Public&a=reg
INFO: [ app_init ] --START--
INFO: Run Behavior\BuildLiteBehavior [ RunTime:0.000024s ]
INFO: [ app_init ] --END-- [ RunTime:0.000136s ]
INFO: [ app_begin ] --START--
INFO: Run Behavior\ReadHtmlCacheBehavior [ RunTime:0.001039s ]
INFO: [ app_begin ] --END-- [ RunTime:0.001155s ]
ERR: 无法加载控制器:Public

[ 2015-06-28T21:41:55+08:00 ] 127.0.0.1 /project/slaker/index.php?m=User&c=Public&a=reg
INFO: [ app_init ] --START--
INFO: Run Behavior\BuildLiteBehavior [ RunTime:0.000026s ]
INFO: [ app_init ] --END-- [ RunTime:0.000122s ]
INFO: [ app_begin ] --START--
INFO: Run Behavior\ReadHtmlCacheBehavior [ RunTime:0.000882s ]
INFO: [ app_begin ] --END-- [ RunTime:0.000961s ]
ERR: 无法加载控制器:Public

[ 2015-06-28T21:44:21+08:00 ] 127.0.0.1 /project/slaker/index.php?m=User&c=Public&a=reg
INFO: [ app_init ] --START--
INFO: Run Behavior\BuildLiteBehavior [ RunTime:0.000019s ]
INFO: [ app_init ] --END-- [ RunTime:0.000156s ]
INFO: [ app_begin ] --START--
INFO: Run Behavior\ReadHtmlCacheBehavior [ RunTime:0.001496s ]
INFO: [ app_begin ] --END-- [ RunTime:0.001600s ]
ERR: 无法加载控制器:Public

[ 2015-06-28T21:44:22+08:00 ] 127.0.0.1 /project/slaker/index.php?m=User&c=Public&a=reg
INFO: [ app_init ] --START--
INFO: Run Behavior\BuildLiteBehavior [ RunTime:0.000019s ]
INFO: [ app_init ] --END-- [ RunTime:0.000103s ]
INFO: [ app_begin ] --START--
INFO: Run Behavior\ReadHtmlCacheBehavior [ RunTime:0.001424s ]
INFO: [ app_begin ] --END-- [ RunTime:0.001528s ]
ERR: 无法加载控制器:Public

[ 2015-06-28T21:44:23+08:00 ] 127.0.0.1 /project/slaker/index.php?m=User&c=Public&a=reg
INFO: [ app_init ] --START--
INFO: Run Behavior\BuildLiteBehavior [ RunTime:0.000018s ]
INFO: [ app_init ] --END-- [ RunTime:0.000103s ]
INFO: [ app_begin ] --START--
INFO: Run Behavior\ReadHtmlCacheBehavior [ RunTime:0.003318s ]
INFO: [ app_begin ] --END-- [ RunTime:0.003451s ]
ERR: 无法加载控制器:Public

[ 2015-06-28T21:44:23+08:00 ] 127.0.0.1 /project/slaker/index.php?m=User&c=Public&a=reg
INFO: [ app_init ] --START--
INFO: Run Behavior\BuildLiteBehavior [ RunTime:0.000024s ]
INFO: [ app_init ] --END-- [ RunTime:0.000136s ]
INFO: [ app_begin ] --START--
INFO: Run Behavior\ReadHtmlCacheBehavior [ RunTime:0.009265s ]
INFO: [ app_begin ] --END-- [ RunTime:0.009409s ]
ERR: 无法加载控制器:Public

[ 2015-06-28T21:44:23+08:00 ] 127.0.0.1 /project/slaker/index.php?m=User&c=Public&a=reg
INFO: [ app_init ] --START--
INFO: Run Behavior\BuildLiteBehavior [ RunTime:0.000016s ]
INFO: [ app_init ] --END-- [ RunTime:0.000093s ]
INFO: [ app_begin ] --START--
INFO: Run Behavior\ReadHtmlCacheBehavior [ RunTime:0.001214s ]
INFO: [ app_begin ] --END-- [ RunTime:0.001298s ]
ERR: 无法加载控制器:Public

[ 2015-06-28T21:44:24+08:00 ] 127.0.0.1 /project/slaker/index.php?m=User&c=Public&a=reg
INFO: [ app_init ] --START--
INFO: Run Behavior\BuildLiteBehavior [ RunTime:0.000019s ]
INFO: [ app_init ] --END-- [ RunTime:0.000107s ]
INFO: [ app_begin ] --START--
INFO: Run Behavior\ReadHtmlCacheBehavior [ RunTime:0.002600s ]
INFO: [ app_begin ] --END-- [ RunTime:0.002765s ]
ERR: 无法加载控制器:Public

[ 2015-06-28T21:44:44+08:00 ] 127.0.0.1 /project/slaker/index.php?m=User&c=Public&a=reg
INFO: [ app_init ] --START--
INFO: Run Behavior\BuildLiteBehavior [ RunTime:0.000017s ]
INFO: [ app_init ] --END-- [ RunTime:0.000094s ]
INFO: [ app_begin ] --START--
INFO: Run Behavior\ReadHtmlCacheBehavior [ RunTime:0.002416s ]
INFO: [ app_begin ] --END-- [ RunTime:0.002730s ]
ERR: 无法加载控制器:Public

[ 2015-06-28T21:44:47+08:00 ] 127.0.0.1 /project/slaker/index.php?m=User&c=Public&a=reg
INFO: [ app_init ] --START--
INFO: Run Behavior\BuildLiteBehavior [ RunTime:0.000017s ]
INFO: [ app_init ] --END-- [ RunTime:0.000095s ]
INFO: [ app_begin ] --START--
INFO: Run Behavior\ReadHtmlCacheBehavior [ RunTime:0.001291s ]
INFO: [ app_begin ] --END-- [ RunTime:0.001377s ]
ERR: 无法加载控制器:Public

[ 2015-06-28T21:44:50+08:00 ] 127.0.0.1 /project/slaker/index.php?m=User&c=Public&a=reg
INFO: [ app_init ] --START--
INFO: Run Behavior\BuildLiteBehavior [ RunTime:0.000017s ]
INFO: [ app_init ] --END-- [ RunTime:0.000101s ]
INFO: [ app_begin ] --START--
INFO: Run Behavior\ReadHtmlCacheBehavior [ RunTime:0.001590s ]
INFO: [ app_begin ] --END-- [ RunTime:0.001685s ]
ERR: 无法加载控制器:Public

[ 2015-06-28T21:45:06+08:00 ] 127.0.0.1 /project/slaker/index.php?m=User&c=Public&a=reg
INFO: [ app_init ] --START--
INFO: Run Behavior\BuildLiteBehavior [ RunTime:0.000019s ]
INFO: [ app_init ] --END-- [ RunTime:0.000107s ]
INFO: [ app_begin ] --START--
INFO: Run Behavior\ReadHtmlCacheBehavior [ RunTime:0.002332s ]
INFO: [ app_begin ] --END-- [ RunTime:0.002660s ]
ERR: 无法加载控制器:Public

[ 2015-06-28T21:47:17+08:00 ] 127.0.0.1 /project/slaker/index.php?m=User&c=Public&a=reg
INFO: [ app_init ] --START--
INFO: Run Behavior\BuildLiteBehavior [ RunTime:0.000016s ]
INFO: [ app_init ] --END-- [ RunTime:0.000094s ]
INFO: [ app_begin ] --START--
INFO: Run Behavior\ReadHtmlCacheBehavior [ RunTime:0.001285s ]
INFO: [ app_begin ] --END-- [ RunTime:0.001368s ]
ERR: 无法加载控制器:Public

[ 2015-06-28T21:47:18+08:00 ] 127.0.0.1 /project/slaker/index.php?m=User&c=Public&a=reg
INFO: [ app_init ] --START--
INFO: Run Behavior\BuildLiteBehavior [ RunTime:0.000017s ]
INFO: [ app_init ] --END-- [ RunTime:0.000093s ]
INFO: [ app_begin ] --START--
INFO: Run Behavior\ReadHtmlCacheBehavior [ RunTime:0.001252s ]
INFO: [ app_begin ] --END-- [ RunTime:0.001331s ]
ERR: 无法加载控制器:Public

[ 2015-06-28T21:47:19+08:00 ] 127.0.0.1 /project/slaker/index.php?m=User&c=Public&a=reg
INFO: [ app_init ] --START--
INFO: Run Behavior\BuildLiteBehavior [ RunTime:0.000048s ]
INFO: [ app_init ] --END-- [ RunTime:0.000214s ]
INFO: [ app_begin ] --START--
INFO: Run Behavior\ReadHtmlCacheBehavior [ RunTime:0.001366s ]
INFO: [ app_begin ] --END-- [ RunTime:0.001449s ]
ERR: 无法加载控制器:Public

[ 2015-06-28T21:47:20+08:00 ] 127.0.0.1 /project/slaker/index.php?m=User&c=Public&a=reg
INFO: [ app_init ] --START--
INFO: Run Behavior\BuildLiteBehavior [ RunTime:0.000024s ]
INFO: [ app_init ] --END-- [ RunTime:0.000129s ]
INFO: [ app_begin ] --START--
INFO: Run Behavior\ReadHtmlCacheBehavior [ RunTime:0.001398s ]
INFO: [ app_begin ] --END-- [ RunTime:0.001510s ]
ERR: 无法加载控制器:Public

[ 2015-06-28T21:47:20+08:00 ] 127.0.0.1 /project/slaker/index.php?m=User&c=Public&a=reg
INFO: [ app_init ] --START--
INFO: Run Behavior\BuildLiteBehavior [ RunTime:0.000028s ]
INFO: [ app_init ] --END-- [ RunTime:0.000146s ]
INFO: [ app_begin ] --START--
INFO: Run Behavior\ReadHtmlCacheBehavior [ RunTime:0.001551s ]
INFO: [ app_begin ] --END-- [ RunTime:0.001655s ]
ERR: 无法加载控制器:Public

[ 2015-06-28T21:47:20+08:00 ] 127.0.0.1 /project/slaker/index.php?m=User&c=Public&a=reg
INFO: [ app_init ] --START--
INFO: Run Behavior\BuildLiteBehavior [ RunTime:0.000018s ]
INFO: [ app_init ] --END-- [ RunTime:0.000097s ]
INFO: [ app_begin ] --START--
INFO: Run Behavior\ReadHtmlCacheBehavior [ RunTime:0.001554s ]
INFO: [ app_begin ] --END-- [ RunTime:0.001669s ]
ERR: 无法加载控制器:Public

[ 2015-06-28T21:47:20+08:00 ] 127.0.0.1 /project/slaker/index.php?m=User&c=Public&a=reg
INFO: [ app_init ] --START--
INFO: Run Behavior\BuildLiteBehavior [ RunTime:0.000017s ]
INFO: [ app_init ] --END-- [ RunTime:0.000095s ]
INFO: [ app_begin ] --START--
INFO: Run Behavior\ReadHtmlCacheBehavior [ RunTime:0.001227s ]
INFO: [ app_begin ] --END-- [ RunTime:0.001307s ]
ERR: 无法加载控制器:Public

[ 2015-06-28T21:47:21+08:00 ] 127.0.0.1 /project/slaker/index.php?m=User&c=Public&a=reg
INFO: [ app_init ] --START--
INFO: Run Behavior\BuildLiteBehavior [ RunTime:0.000017s ]
INFO: [ app_init ] --END-- [ RunTime:0.000099s ]
INFO: [ app_begin ] --START--
INFO: Run Behavior\ReadHtmlCacheBehavior [ RunTime:0.001227s ]
INFO: [ app_begin ] --END-- [ RunTime:0.001310s ]
ERR: 无法加载控制器:Public

[ 2015-06-28T21:47:21+08:00 ] 127.0.0.1 /project/slaker/index.php?m=User&c=Public&a=reg
INFO: [ app_init ] --START--
INFO: Run Behavior\BuildLiteBehavior [ RunTime:0.000023s ]
INFO: [ app_init ] --END-- [ RunTime:0.000125s ]
INFO: [ app_begin ] --START--
INFO: Run Behavior\ReadHtmlCacheBehavior [ RunTime:0.001422s ]
INFO: [ app_begin ] --END-- [ RunTime:0.001524s ]
ERR: 无法加载控制器:Public

[ 2015-06-28T21:47:21+08:00 ] 127.0.0.1 /project/slaker/index.php?m=User&c=Public&a=reg
INFO: [ app_init ] --START--
INFO: Run Behavior\BuildLiteBehavior [ RunTime:0.000023s ]
INFO: [ app_init ] --END-- [ RunTime:0.000116s ]
INFO: [ app_begin ] --START--
INFO: Run Behavior\ReadHtmlCacheBehavior [ RunTime:0.001329s ]
INFO: [ app_begin ] --END-- [ RunTime:0.001416s ]
ERR: 无法加载控制器:Public

[ 2015-06-28T21:47:22+08:00 ] 127.0.0.1 /project/slaker/index.php?m=User&c=Public&a=reg
INFO: [ app_init ] --START--
INFO: Run Behavior\BuildLiteBehavior [ RunTime:0.000019s ]
INFO: [ app_init ] --END-- [ RunTime:0.000103s ]
INFO: [ app_begin ] --START--
INFO: Run Behavior\ReadHtmlCacheBehavior [ RunTime:0.001318s ]
INFO: [ app_begin ] --END-- [ RunTime:0.001496s ]
ERR: 无法加载控制器:Public

[ 2015-06-28T21:47:22+08:00 ] 127.0.0.1 /project/slaker/index.php?m=User&c=Public&a=reg
INFO: [ app_init ] --START--
INFO: Run Behavior\BuildLiteBehavior [ RunTime:0.000017s ]
INFO: [ app_init ] --END-- [ RunTime:0.000094s ]
INFO: [ app_begin ] --START--
INFO: Run Behavior\ReadHtmlCacheBehavior [ RunTime:0.001433s ]
INFO: [ app_begin ] --END-- [ RunTime:0.001540s ]
ERR: 无法加载控制器:Public

[ 2015-06-28T21:47:35+08:00 ] 127.0.0.1 /project/slaker/index.php?m=User&c=Public&a=reg
INFO: [ app_init ] --START--
INFO: Run Behavior\BuildLiteBehavior [ RunTime:0.000017s ]
INFO: [ app_init ] --END-- [ RunTime:0.000094s ]
INFO: [ app_begin ] --START--
INFO: Run Behavior\ReadHtmlCacheBehavior [ RunTime:0.001306s ]
INFO: [ app_begin ] --END-- [ RunTime:0.001388s ]
ERR: 无法加载控制器:Public

[ 2015-06-28T21:48:23+08:00 ] 127.0.0.1 /project/slaker/index.php?m=User&c=Public&a=reg
INFO: [ app_init ] --START--
INFO: Run Behavior\BuildLiteBehavior [ RunTime:0.000025s ]
INFO: [ app_init ] --END-- [ RunTime:0.000142s ]
INFO: [ app_begin ] --START--
INFO: Run Behavior\ReadHtmlCacheBehavior [ RunTime:0.001633s ]
INFO: [ app_begin ] --END-- [ RunTime:0.001767s ]
ERR: 无法加载控制器:Public

[ 2015-06-28T21:48:30+08:00 ] 127.0.0.1 /project/slaker/index.php?m=User&c=Index&a=reg
INFO: [ app_init ] --START--
INFO: Run Behavior\BuildLiteBehavior [ RunTime:0.000023s ]
INFO: [ app_init ] --END-- [ RunTime:0.000139s ]
INFO: [ app_begin ] --START--
INFO: Run Behavior\ReadHtmlCacheBehavior [ RunTime:0.000783s ]
INFO: [ app_begin ] --END-- [ RunTime:0.000863s ]
ERR: 非法操作:reg

[ 2015-06-28T21:48:36+08:00 ] 127.0.0.1 /project/slaker/index.php?m=User&c=Index&a=index
INFO: [ app_init ] --START--
INFO: Run Behavior\BuildLiteBehavior [ RunTime:0.000017s ]
INFO: [ app_init ] --END-- [ RunTime:0.000090s ]
INFO: [ app_begin ] --START--
INFO: Run Behavior\ReadHtmlCacheBehavior [ RunTime:0.000845s ]
INFO: [ app_begin ] --END-- [ RunTime:0.000922s ]
INFO: [ app_end ] --START--
INFO: Run Behavior\ShowPageTraceBehavior [ RunTime:0.001734s ]
INFO: [ app_end ] --END-- [ RunTime:0.001833s ]

[ 2015-06-28T21:48:42+08:00 ] 127.0.0.1 /project/slaker/index.php?m=User&c=Public
INFO: [ app_init ] --START--
INFO: Run Behavior\BuildLiteBehavior [ RunTime:0.000018s ]
INFO: [ app_init ] --END-- [ RunTime:0.000106s ]
INFO: [ app_begin ] --START--
INFO: Run Behavior\ReadHtmlCacheBehavior [ RunTime:0.001130s ]
INFO: [ app_begin ] --END-- [ RunTime:0.001221s ]
ERR: 无法加载控制器:Public

[ 2015-06-28T21:49:41+08:00 ] 127.0.0.1 /project/slaker/index.php?m=User&c=Public
INFO: [ app_init ] --START--
INFO: Run Behavior\BuildLiteBehavior [ RunTime:0.000024s ]
INFO: [ app_init ] --END-- [ RunTime:0.000136s ]
INFO: [ app_begin ] --START--
INFO: Run Behavior\ReadHtmlCacheBehavior [ RunTime:0.001020s ]
INFO: [ app_begin ] --END-- [ RunTime:0.001134s ]
INFO: [ view_parse ] --START--
INFO: [ template_filter ] --START--
INFO: Run Behavior\ContentReplaceBehavior [ RunTime:0.000138s ]
INFO: [ template_filter ] --END-- [ RunTime:0.000244s ]
INFO: Run Behavior\ParseTemplateBehavior [ RunTime:0.032931s ]
INFO: [ view_parse ] --END-- [ RunTime:0.033060s ]
INFO: [ view_filter ] --START--
INFO: Run Behavior\WriteHtmlCacheBehavior [ RunTime:0.001010s ]
INFO: [ view_filter ] --END-- [ RunTime:0.001114s ]
INFO: [ app_end ] --START--
INFO: Run Behavior\ShowPageTraceBehavior [ RunTime:0.000907s ]
INFO: [ app_end ] --END-- [ RunTime:0.001067s ]

[ 2015-06-28T21:49:47+08:00 ] 127.0.0.1 /project/slaker/index.php?m=User&c=Index&a=index
INFO: [ app_init ] --START--
INFO: Run Behavior\BuildLiteBehavior [ RunTime:0.000016s ]
INFO: [ app_init ] --END-- [ RunTime:0.000092s ]
INFO: [ app_begin ] --START--
INFO: Run Behavior\ReadHtmlCacheBehavior [ RunTime:0.000834s ]
INFO: [ app_begin ] --END-- [ RunTime:0.000922s ]
INFO: [ app_end ] --START--
INFO: Run Behavior\ShowPageTraceBehavior [ RunTime:0.000727s ]
INFO: [ app_end ] --END-- [ RunTime:0.000821s ]

[ 2015-06-28T21:49:48+08:00 ] 127.0.0.1 /project/slaker/index.php?m=User&c=Index&a=reg
INFO: [ app_init ] --START--
INFO: Run Behavior\BuildLiteBehavior [ RunTime:0.000017s ]
INFO: [ app_init ] --END-- [ RunTime:0.000090s ]
INFO: [ app_begin ] --START--
INFO: Run Behavior\ReadHtmlCacheBehavior [ RunTime:0.000839s ]
INFO: [ app_begin ] --END-- [ RunTime:0.000915s ]
ERR: 非法操作:reg

[ 2015-06-28T21:49:49+08:00 ] 127.0.0.1 /project/slaker/index.php?m=User&c=Public&a=reg
INFO: [ app_init ] --START--
INFO: Run Behavior\BuildLiteBehavior [ RunTime:0.000017s ]
INFO: [ app_init ] --END-- [ RunTime:0.000093s ]
INFO: [ app_begin ] --START--
INFO: Run Behavior\ReadHtmlCacheBehavior [ RunTime:0.000857s ]
INFO: [ app_begin ] --END-- [ RunTime:0.000933s ]
INFO: [ app_end ] --START--
INFO: Run Behavior\ShowPageTraceBehavior [ RunTime:0.000765s ]
INFO: [ app_end ] --END-- [ RunTime:0.000850s ]

[ 2015-06-28T21:49:52+08:00 ] 127.0.0.1 /project/slaker/index.php?m=User&c=Public&a=reg
INFO: [ app_init ] --START--
INFO: Run Behavior\BuildLiteBehavior [ RunTime:0.000016s ]
INFO: [ app_init ] --END-- [ RunTime:0.000092s ]
INFO: [ app_begin ] --START--
INFO: Run Behavior\ReadHtmlCacheBehavior [ RunTime:0.000809s ]
INFO: [ app_begin ] --END-- [ RunTime:0.000966s ]
INFO: [ app_end ] --START--
INFO: Run Behavior\ShowPageTraceBehavior [ RunTime:0.000870s ]
INFO: [ app_end ] --END-- [ RunTime:0.000962s ]

[ 2015-06-28T21:49:54+08:00 ] 127.0.0.1 /project/slaker/index.php?m=User&c=Public&a=reg
INFO: [ app_init ] --START--
INFO: Run Behavior\BuildLiteBehavior [ RunTime:0.000018s ]
INFO: [ app_init ] --END-- [ RunTime:0.000105s ]
INFO: [ app_begin ] --START--
INFO: Run Behavior\ReadHtmlCacheBehavior [ RunTime:0.000871s ]
INFO: [ app_begin ] --END-- [ RunTime:0.000999s ]
INFO: [ app_end ] --START--
INFO: Run Behavior\ShowPageTraceBehavior [ RunTime:0.000792s ]
INFO: [ app_end ] --END-- [ RunTime:0.000879s ]

[ 2015-06-28T21:49:54+08:00 ] 127.0.0.1 /project/slaker/index.php?m=User&c=Public&a=reg
INFO: [ app_init ] --START--
INFO: Run Behavior\BuildLiteBehavior [ RunTime:0.000017s ]
INFO: [ app_init ] --END-- [ RunTime:0.000093s ]
INFO: [ app_begin ] --START--
INFO: Run Behavior\ReadHtmlCacheBehavior [ RunTime:0.001168s ]
INFO: [ app_begin ] --END-- [ RunTime:0.001281s ]
INFO: [ app_end ] --START--
INFO: Run Behavior\ShowPageTraceBehavior [ RunTime:0.000821s ]
INFO: [ app_end ] --END-- [ RunTime:0.000912s ]

[ 2015-06-28T21:50:20+08:00 ] 127.0.0.1 /project/slaker/index.php?m=User&c=Public&a=reg
INFO: [ app_init ] --START--
INFO: Run Behavior\BuildLiteBehavior [ RunTime:0.000027s ]
INFO: [ app_init ] --END-- [ RunTime:0.000310s ]
INFO: [ app_begin ] --START--
INFO: Run Behavior\ReadHtmlCacheBehavior [ RunTime:0.001858s ]
INFO: [ app_begin ] --END-- [ RunTime:0.001979s ]
ERR: 非法操作:reg

[ 2015-06-28T21:50:21+08:00 ] 127.0.0.1 /project/slaker/index.php?m=User&c=Public&a=reg
INFO: [ app_init ] --START--
INFO: Run Behavior\BuildLiteBehavior [ RunTime:0.000023s ]
INFO: [ app_init ] --END-- [ RunTime:0.000139s ]
INFO: [ app_begin ] --START--
INFO: Run Behavior\ReadHtmlCacheBehavior [ RunTime:0.002629s ]
INFO: [ app_begin ] --END-- [ RunTime:0.002778s ]
ERR: 非法操作:reg

[ 2015-06-28T21:50:21+08:00 ] 127.0.0.1 /project/slaker/index.php?m=User&c=Public&a=reg
INFO: [ app_init ] --START--
INFO: Run Behavior\BuildLiteBehavior [ RunTime:0.000022s ]
INFO: [ app_init ] --END-- [ RunTime:0.000124s ]
INFO: [ app_begin ] --START--
INFO: Run Behavior\ReadHtmlCacheBehavior [ RunTime:0.001346s ]
INFO: [ app_begin ] --END-- [ RunTime:0.001461s ]
ERR: 非法操作:reg

[ 2015-06-28T21:50:21+08:00 ] 127.0.0.1 /project/slaker/index.php?m=User&c=Public&a=reg
INFO: [ app_init ] --START--
INFO: Run Behavior\BuildLiteBehavior [ RunTime:0.000024s ]
INFO: [ app_init ] --END-- [ RunTime:0.000129s ]
INFO: [ app_begin ] --START--
INFO: Run Behavior\ReadHtmlCacheBehavior [ RunTime:0.001388s ]
INFO: [ app_begin ] --END-- [ RunTime:0.001471s ]
ERR: 非法操作:reg

[ 2015-06-28T21:50:22+08:00 ] 127.0.0.1 /project/slaker/index.php?m=User&c=Public&a=reg
INFO: [ app_init ] --START--
INFO: Run Behavior\BuildLiteBehavior [ RunTime:0.000021s ]
INFO: [ app_init ] --END-- [ RunTime:0.000114s ]
INFO: [ app_begin ] --START--
INFO: Run Behavior\ReadHtmlCacheBehavior [ RunTime:0.001787s ]
INFO: [ app_begin ] --END-- [ RunTime:0.001899s ]
ERR: 非法操作:reg

