[ 2015-08-17T09:31:55+08:00 ] 127.0.0.1 /slaker/
INFO: [ app_init ] --START--
INFO: Run Behavior\BuildLiteBehavior [ RunTime:0.000011s ]
INFO: [ app_init ] --END-- [ RunTime:0.000062s ]
INFO: [ app_begin ] --START--
INFO: Run Behavior\ReadHtmlCacheBehavior [ RunTime:0.002836s ]
INFO: [ app_begin ] --END-- [ RunTime:0.002890s ]
INFO: [ view_parse ] --START--
INFO: [ template_filter ] --START--
INFO: Run Behavior\ContentReplaceBehavior [ RunTime:0.000076s ]
INFO: [ template_filter ] --END-- [ RunTime:0.000133s ]
INFO: Run Behavior\ParseTemplateBehavior [ RunTime:0.061090s ]
INFO: [ view_parse ] --END-- [ RunTime:0.061149s ]
INFO: [ view_filter ] --START--
INFO: Run Behavior\WriteHtmlCacheBehavior [ RunTime:0.002686s ]
INFO: [ view_filter ] --END-- [ RunTime:0.002728s ]
INFO: [ app_end ] --START--
INFO: Run Behavior\ShowPageTraceBehavior [ RunTime:0.003138s ]
INFO: [ app_end ] --END-- [ RunTime:0.003196s ]

[ 2015-08-17T09:32:06+08:00 ] 127.0.0.1 /slaker/index.php?m=Home&c=Member&a=login
INFO: [ app_init ] --START--
INFO: Run Behavior\BuildLiteBehavior [ RunTime:0.000013s ]
INFO: [ app_init ] --END-- [ RunTime:0.000065s ]
INFO: [ app_begin ] --START--
INFO: Run Behavior\ReadHtmlCacheBehavior [ RunTime:0.002456s ]
INFO: [ app_begin ] --END-- [ RunTime:0.002511s ]
NOTIC: [2] Missing argument 1 for I(), called in E:\Service\xampp\htdocs\slaker\Application\Home\Controller\MemberController.class.php on line 10 and defined E:\Service\xampp\htdocs\slaker\ThinkPHP\Common\functions.php 第 271 行.
NOTIC: [8] Undefined variable: name E:\Service\xampp\htdocs\slaker\ThinkPHP\Common\functions.php 第 273 行.
NOTIC: [8] Undefined variable: name E:\Service\xampp\htdocs\slaker\ThinkPHP\Common\functions.php 第 278 行.
NOTIC: [8] Undefined variable: name E:\Service\xampp\htdocs\slaker\ThinkPHP\Common\functions.php 第 339 行.
SQL: SHOW COLUMNS FROM `sl_user` [ RunTime:0.0058s ]
NOTIC: [8192] Function ereg() is deprecated E:\Service\xampp\htdocs\slaker\Application\Home\Model\UserModel.class.php 第 8 行.
SQL: SELECT * FROM `sl_user` WHERE `eid` = '105042003111' LIMIT 1   [ RunTime:0.0004s ]
SQL: UPDATE `sl_user` SET `login`=`login`+1,`last_login_time`='1439775126',`last_login_ip`='2130706433' WHERE `uid` = 4 [ RunTime:0.0004s ]
SQL: SELECT * FROM `sl_user` WHERE ( 4 ) LIMIT 1   [ RunTime:0.0003s ]
INFO: [ view_parse ] --START--
INFO: [ template_filter ] --START--
INFO: Run Behavior\ContentReplaceBehavior [ RunTime:0.000045s ]
INFO: [ template_filter ] --END-- [ RunTime:0.000092s ]
INFO: Run Behavior\ParseTemplateBehavior [ RunTime:0.023376s ]
INFO: [ view_parse ] --END-- [ RunTime:0.023436s ]
INFO: [ view_filter ] --START--
INFO: Run Behavior\WriteHtmlCacheBehavior [ RunTime:0.002226s ]
INFO: [ view_filter ] --END-- [ RunTime:0.002272s ]
INFO: [ app_end ] --START--
INFO: Run Behavior\ShowPageTraceBehavior [ RunTime:0.002443s ]
INFO: [ app_end ] --END-- [ RunTime:0.002489s ]

[ 2015-08-17T09:33:26+08:00 ] 127.0.0.1 /slaker/index.php?m=Home&c=Index&a=index
INFO: [ app_init ] --START--
INFO: Run Behavior\BuildLiteBehavior [ RunTime:0.000011s ]
INFO: [ app_init ] --END-- [ RunTime:0.000063s ]
INFO: [ app_begin ] --START--
INFO: Run Behavior\ReadHtmlCacheBehavior [ RunTime:0.000935s ]
INFO: [ app_begin ] --END-- [ RunTime:0.000984s ]
INFO: [ view_parse ] --START--
INFO: [ template_filter ] --START--
INFO: Run Behavior\ContentReplaceBehavior [ RunTime:0.000076s ]
INFO: [ template_filter ] --END-- [ RunTime:0.000129s ]
INFO: Run Behavior\ParseTemplateBehavior [ RunTime:0.011800s ]
INFO: [ view_parse ] --END-- [ RunTime:0.011848s ]
INFO: [ view_filter ] --START--
INFO: Run Behavior\WriteHtmlCacheBehavior [ RunTime:0.000675s ]
INFO: [ view_filter ] --END-- [ RunTime:0.000714s ]
INFO: [ app_end ] --START--
INFO: Run Behavior\ShowPageTraceBehavior [ RunTime:0.000866s ]
INFO: [ app_end ] --END-- [ RunTime:0.000909s ]

[ 2015-08-17T09:33:31+08:00 ] 127.0.0.1 /slaker/index.php?m=Home&c=Member&a=login
INFO: [ app_init ] --START--
INFO: Run Behavior\BuildLiteBehavior [ RunTime:0.000010s ]
INFO: [ app_init ] --END-- [ RunTime:0.000060s ]
INFO: [ app_begin ] --START--
INFO: Run Behavior\ReadHtmlCacheBehavior [ RunTime:0.000924s ]
INFO: [ app_begin ] --END-- [ RunTime:0.000982s ]
SQL: SHOW COLUMNS FROM `sl_user` [ RunTime:0.0043s ]
NOTIC: [8192] Function ereg() is deprecated E:\Service\xampp\htdocs\slaker\Application\Home\Model\UserModel.class.php 第 8 行.
SQL: SELECT * FROM `sl_user` WHERE `eid` = '105042003111' LIMIT 1   [ RunTime:0.0003s ]
SQL: UPDATE `sl_user` SET `login`=`login`+1,`last_login_time`='1439775210',`last_login_ip`='2130706433' WHERE `uid` = 4 [ RunTime:0.0003s ]
SQL: SELECT * FROM `sl_user` WHERE ( 4 ) LIMIT 1   [ RunTime:0.0002s ]
SQL: SHOW COLUMNS FROM `sl_organization` [ RunTime:0.0046s ]
SQL: SELECT * FROM `sl_organization` WHERE `id` = 2 LIMIT 1   [ RunTime:0.0004s ]
NOTIC: [8] Undefined index: status E:\Service\xampp\htdocs\slaker\Application\Common\Common\function.php 第 66 行.
INFO: [ view_parse ] --START--
INFO: [ template_filter ] --START--
INFO: Run Behavior\ContentReplaceBehavior [ RunTime:0.000040s ]
INFO: [ template_filter ] --END-- [ RunTime:0.000087s ]
INFO: Run Behavior\ParseTemplateBehavior [ RunTime:0.008300s ]
INFO: [ view_parse ] --END-- [ RunTime:0.008352s ]
INFO: [ view_filter ] --START--
INFO: Run Behavior\WriteHtmlCacheBehavior [ RunTime:0.000761s ]
INFO: [ view_filter ] --END-- [ RunTime:0.000801s ]
INFO: [ app_end ] --START--
INFO: Run Behavior\ShowPageTraceBehavior [ RunTime:0.000939s ]
INFO: [ app_end ] --END-- [ RunTime:0.000981s ]

