[ 2016-01-18T09:14:31+08:00 ] 127.0.0.1 /slaker/index.php?m=Home&c=Reg&a=index
INFO: [ app_init ] --START--
INFO: Run Behavior\BuildLiteBehavior [ RunTime:0.000013s ]
INFO: [ app_init ] --END-- [ RunTime:0.010671s ]
INFO: [ app_begin ] --START--
INFO: Run Behavior\ReadHtmlCacheBehavior [ RunTime:0.001157s ]
INFO: [ app_begin ] --END-- [ RunTime:0.001210s ]
INFO: [ view_parse ] --START--
INFO: [ template_filter ] --START--
INFO: Run Behavior\ContentReplaceBehavior [ RunTime:0.000060s ]
INFO: [ template_filter ] --END-- [ RunTime:0.000113s ]
INFO: Run Behavior\ParseTemplateBehavior [ RunTime:0.060594s ]
INFO: [ view_parse ] --END-- [ RunTime:0.060662s ]
INFO: [ view_filter ] --START--
INFO: Run Behavior\WriteHtmlCacheBehavior [ RunTime:0.001203s ]
INFO: [ view_filter ] --END-- [ RunTime:0.001246s ]
INFO: [ app_end ] --START--
INFO: Run Behavior\ShowPageTraceBehavior [ RunTime:0.001200s ]
INFO: [ app_end ] --END-- [ RunTime:0.001247s ]

[ 2016-01-18T09:14:35+08:00 ] 127.0.0.1 /slaker/index.php?m=Home&c=Reg&a=user
INFO: [ app_init ] --START--
INFO: Run Behavior\BuildLiteBehavior [ RunTime:0.000012s ]
INFO: [ app_init ] --END-- [ RunTime:0.000062s ]
INFO: [ app_begin ] --START--
INFO: Run Behavior\ReadHtmlCacheBehavior [ RunTime:0.000681s ]
INFO: [ app_begin ] --END-- [ RunTime:0.000733s ]
INFO: [ view_parse ] --START--
INFO: [ template_filter ] --START--
INFO: Run Behavior\ContentReplaceBehavior [ RunTime:0.000083s ]
INFO: [ template_filter ] --END-- [ RunTime:0.000131s ]
INFO: Run Behavior\ParseTemplateBehavior [ RunTime:0.033226s ]
INFO: [ view_parse ] --END-- [ RunTime:0.033278s ]
INFO: [ view_filter ] --START--
INFO: Run Behavior\WriteHtmlCacheBehavior [ RunTime:0.000449s ]
INFO: [ view_filter ] --END-- [ RunTime:0.000493s ]
INFO: [ app_end ] --START--
INFO: Run Behavior\ShowPageTraceBehavior [ RunTime:0.000653s ]
INFO: [ app_end ] --END-- [ RunTime:0.000705s ]

[ 2016-01-18T09:14:41+08:00 ] 127.0.0.1 /slaker/index.php?m=Home&c=Reg&a=audit
INFO: [ app_init ] --START--
INFO: Run Behavior\BuildLiteBehavior [ RunTime:0.000011s ]
INFO: [ app_init ] --END-- [ RunTime:0.000059s ]
INFO: [ app_begin ] --START--
INFO: Run Behavior\ReadHtmlCacheBehavior [ RunTime:0.000617s ]
INFO: [ app_begin ] --END-- [ RunTime:0.000664s ]
INFO: [ view_parse ] --START--
INFO: [ template_filter ] --START--
INFO: Run Behavior\ContentReplaceBehavior [ RunTime:0.000082s ]
INFO: [ template_filter ] --END-- [ RunTime:0.000131s ]
INFO: Run Behavior\ParseTemplateBehavior [ RunTime:0.032498s ]
INFO: [ view_parse ] --END-- [ RunTime:0.032548s ]
INFO: [ view_filter ] --START--
INFO: Run Behavior\WriteHtmlCacheBehavior [ RunTime:0.000446s ]
INFO: [ view_filter ] --END-- [ RunTime:0.000490s ]
INFO: [ app_end ] --START--
INFO: Run Behavior\ShowPageTraceBehavior [ RunTime:0.000647s ]
INFO: [ app_end ] --END-- [ RunTime:0.000697s ]

[ 2016-01-18T09:17:40+08:00 ] 127.0.0.1 /slaker/index.php?m=Home&c=Reg&a=index
INFO: [ app_init ] --START--
INFO: Run Behavior\BuildLiteBehavior [ RunTime:0.000010s ]
INFO: [ app_init ] --END-- [ RunTime:0.000060s ]
INFO: [ app_begin ] --START--
INFO: Run Behavior\ReadHtmlCacheBehavior [ RunTime:0.000856s ]
INFO: [ app_begin ] --END-- [ RunTime:0.000907s ]
INFO: [ view_parse ] --START--
INFO: [ template_filter ] --START--
INFO: Run Behavior\ContentReplaceBehavior [ RunTime:0.000058s ]
INFO: [ template_filter ] --END-- [ RunTime:0.000114s ]
INFO: Run Behavior\ParseTemplateBehavior [ RunTime:0.008547s ]
INFO: [ view_parse ] --END-- [ RunTime:0.008598s ]
INFO: [ view_filter ] --START--
INFO: Run Behavior\WriteHtmlCacheBehavior [ RunTime:0.000664s ]
INFO: [ view_filter ] --END-- [ RunTime:0.000705s ]
INFO: [ app_end ] --START--
INFO: Run Behavior\ShowPageTraceBehavior [ RunTime:0.000870s ]
INFO: [ app_end ] --END-- [ RunTime:0.000914s ]

[ 2016-01-18T09:17:42+08:00 ] 127.0.0.1 /slaker/index.php?m=Home&c=Reg&a=user
INFO: [ app_init ] --START--
INFO: Run Behavior\BuildLiteBehavior [ RunTime:0.000013s ]
INFO: [ app_init ] --END-- [ RunTime:0.000067s ]
INFO: [ app_begin ] --START--
INFO: Run Behavior\ReadHtmlCacheBehavior [ RunTime:0.000682s ]
INFO: [ app_begin ] --END-- [ RunTime:0.000735s ]
INFO: [ view_parse ] --START--
INFO: [ template_filter ] --START--
INFO: Run Behavior\ContentReplaceBehavior [ RunTime:0.000083s ]
INFO: [ template_filter ] --END-- [ RunTime:0.000133s ]
INFO: Run Behavior\ParseTemplateBehavior [ RunTime:0.008452s ]
INFO: [ view_parse ] --END-- [ RunTime:0.008501s ]
INFO: [ view_filter ] --START--
INFO: Run Behavior\WriteHtmlCacheBehavior [ RunTime:0.000435s ]
INFO: [ view_filter ] --END-- [ RunTime:0.000478s ]
INFO: [ app_end ] --START--
INFO: Run Behavior\ShowPageTraceBehavior [ RunTime:0.000644s ]
INFO: [ app_end ] --END-- [ RunTime:0.000696s ]

[ 2016-01-18T09:17:43+08:00 ] 127.0.0.1 /slaker/index.php?m=Home&c=Reg&a=addUser
INFO: [ app_init ] --START--
INFO: Run Behavior\BuildLiteBehavior [ RunTime:0.000012s ]
INFO: [ app_init ] --END-- [ RunTime:0.000066s ]
INFO: [ app_begin ] --START--
INFO: Run Behavior\ReadHtmlCacheBehavior [ RunTime:0.000629s ]
INFO: [ app_begin ] --END-- [ RunTime:0.000682s ]
INFO: [ view_parse ] --START--
INFO: [ template_filter ] --START--
INFO: Run Behavior\ContentReplaceBehavior [ RunTime:0.000041s ]
INFO: [ template_filter ] --END-- [ RunTime:0.000090s ]
INFO: Run Behavior\ParseTemplateBehavior [ RunTime:0.006781s ]
INFO: [ view_parse ] --END-- [ RunTime:0.006831s ]
INFO: [ view_filter ] --START--
INFO: Run Behavior\WriteHtmlCacheBehavior [ RunTime:0.000506s ]
INFO: [ view_filter ] --END-- [ RunTime:0.000546s ]

[ 2016-01-18T09:17:50+08:00 ] 127.0.0.1 /slaker/index.php?m=Home&c=Reg&a=addUser
INFO: [ app_init ] --START--
INFO: Run Behavior\BuildLiteBehavior [ RunTime:0.000012s ]
INFO: [ app_init ] --END-- [ RunTime:0.000062s ]
INFO: [ app_begin ] --START--
INFO: Run Behavior\ReadHtmlCacheBehavior [ RunTime:0.000633s ]
INFO: [ app_begin ] --END-- [ RunTime:0.000686s ]
INFO: [ view_parse ] --START--
INFO: [ template_filter ] --START--
INFO: Run Behavior\ContentReplaceBehavior [ RunTime:0.000041s ]
INFO: [ template_filter ] --END-- [ RunTime:0.000090s ]
INFO: Run Behavior\ParseTemplateBehavior [ RunTime:0.006207s ]
INFO: [ view_parse ] --END-- [ RunTime:0.006258s ]
INFO: [ view_filter ] --START--
INFO: Run Behavior\WriteHtmlCacheBehavior [ RunTime:0.000472s ]
INFO: [ view_filter ] --END-- [ RunTime:0.000514s ]

[ 2016-01-18T09:17:59+08:00 ] 127.0.0.1 /slaker/index.php?m=Home&c=Reg&a=addUser
INFO: [ app_init ] --START--
INFO: Run Behavior\BuildLiteBehavior [ RunTime:0.000012s ]
INFO: [ app_init ] --END-- [ RunTime:0.000064s ]
INFO: [ app_begin ] --START--
INFO: Run Behavior\ReadHtmlCacheBehavior [ RunTime:0.000631s ]
INFO: [ app_begin ] --END-- [ RunTime:0.000684s ]
SQL: SHOW COLUMNS FROM `sl_user` [ RunTime:0.0965s ]
SQL: SELECT * FROM `sl_user` WHERE `eid` = '105042003111'  [ RunTime:0.0029s ]
INFO: [ view_parse ] --START--
INFO: [ template_filter ] --START--
INFO: Run Behavior\ContentReplaceBehavior [ RunTime:0.000041s ]
INFO: [ template_filter ] --END-- [ RunTime:0.000087s ]
INFO: Run Behavior\ParseTemplateBehavior [ RunTime:0.006216s ]
INFO: [ view_parse ] --END-- [ RunTime:0.006268s ]
INFO: [ view_filter ] --START--
INFO: Run Behavior\WriteHtmlCacheBehavior [ RunTime:0.000537s ]
INFO: [ view_filter ] --END-- [ RunTime:0.000578s ]

[ 2016-01-18T09:18:13+08:00 ] 127.0.0.1 /slaker/index.php?m=Home&c=Reg&a=user
INFO: [ app_init ] --START--
INFO: Run Behavior\BuildLiteBehavior [ RunTime:0.000012s ]
INFO: [ app_init ] --END-- [ RunTime:0.000062s ]
INFO: [ app_begin ] --START--
INFO: Run Behavior\ReadHtmlCacheBehavior [ RunTime:0.000649s ]
INFO: [ app_begin ] --END-- [ RunTime:0.000701s ]
INFO: [ view_parse ] --START--
INFO: [ template_filter ] --START--
INFO: Run Behavior\ContentReplaceBehavior [ RunTime:0.000082s ]
INFO: [ template_filter ] --END-- [ RunTime:0.000129s ]
INFO: Run Behavior\ParseTemplateBehavior [ RunTime:0.008305s ]
INFO: [ view_parse ] --END-- [ RunTime:0.008355s ]
INFO: [ view_filter ] --START--
INFO: Run Behavior\WriteHtmlCacheBehavior [ RunTime:0.000454s ]
INFO: [ view_filter ] --END-- [ RunTime:0.000498s ]
INFO: [ app_end ] --START--
INFO: Run Behavior\ShowPageTraceBehavior [ RunTime:0.000665s ]
INFO: [ app_end ] --END-- [ RunTime:0.000717s ]

[ 2016-01-18T09:18:22+08:00 ] 127.0.0.1 /slaker/
INFO: [ app_init ] --START--
INFO: Run Behavior\BuildLiteBehavior [ RunTime:0.000012s ]
INFO: [ app_init ] --END-- [ RunTime:0.000063s ]
INFO: [ app_begin ] --START--
INFO: Run Behavior\ReadHtmlCacheBehavior [ RunTime:0.000641s ]
INFO: [ app_begin ] --END-- [ RunTime:0.000693s ]
INFO: [ view_parse ] --START--
INFO: [ template_filter ] --START--
INFO: Run Behavior\ContentReplaceBehavior [ RunTime:0.000277s ]
INFO: [ template_filter ] --END-- [ RunTime:0.000338s ]
INFO: Run Behavior\ParseTemplateBehavior [ RunTime:0.012918s ]
INFO: [ view_parse ] --END-- [ RunTime:0.012977s ]
INFO: [ view_filter ] --START--
INFO: Run Behavior\WriteHtmlCacheBehavior [ RunTime:0.000512s ]
INFO: [ view_filter ] --END-- [ RunTime:0.000555s ]
INFO: [ app_end ] --START--
INFO: Run Behavior\ShowPageTraceBehavior [ RunTime:0.000699s ]
INFO: [ app_end ] --END-- [ RunTime:0.000750s ]

[ 2016-01-18T09:18:26+08:00 ] 127.0.0.1 /slaker/index.php?m=Home&c=Member&a=login
INFO: [ app_init ] --START--
INFO: Run Behavior\BuildLiteBehavior [ RunTime:0.000013s ]
INFO: [ app_init ] --END-- [ RunTime:0.000066s ]
INFO: [ app_begin ] --START--
INFO: Run Behavior\ReadHtmlCacheBehavior [ RunTime:0.000643s ]
INFO: [ app_begin ] --END-- [ RunTime:0.000696s ]
SQL: SHOW COLUMNS FROM `sl_user` [ RunTime:0.0038s ]
NOTIC: [8192] Function ereg() is deprecated E:\Service\xampp\htdocs\slaker\Application\Home\Model\UserModel.class.php 第 8 行.
SQL: SELECT * FROM `sl_user` WHERE `eid` = '13720132680' LIMIT 1   [ RunTime:0.0011s ]
INFO: [ view_parse ] --START--
INFO: [ template_filter ] --START--
INFO: Run Behavior\ContentReplaceBehavior [ RunTime:0.000047s ]
INFO: [ template_filter ] --END-- [ RunTime:0.000095s ]
INFO: Run Behavior\ParseTemplateBehavior [ RunTime:0.006222s ]
INFO: [ view_parse ] --END-- [ RunTime:0.006291s ]
INFO: [ view_filter ] --START--
INFO: Run Behavior\WriteHtmlCacheBehavior [ RunTime:0.000435s ]
INFO: [ view_filter ] --END-- [ RunTime:0.000481s ]

[ 2016-01-18T09:18:31+08:00 ] 127.0.0.1 /slaker/index.php?m=Home&c=Member&a=login
INFO: [ app_init ] --START--
INFO: Run Behavior\BuildLiteBehavior [ RunTime:0.000011s ]
INFO: [ app_init ] --END-- [ RunTime:0.000065s ]
INFO: [ app_begin ] --START--
INFO: Run Behavior\ReadHtmlCacheBehavior [ RunTime:0.000675s ]
INFO: [ app_begin ] --END-- [ RunTime:0.000728s ]
SQL: SHOW COLUMNS FROM `sl_user` [ RunTime:0.0040s ]
NOTIC: [8192] Function ereg() is deprecated E:\Service\xampp\htdocs\slaker\Application\Home\Model\UserModel.class.php 第 8 行.
SQL: SELECT * FROM `sl_user` WHERE `eid` = '13720132680' LIMIT 1   [ RunTime:0.0003s ]
INFO: [ view_parse ] --START--
INFO: [ template_filter ] --START--
INFO: Run Behavior\ContentReplaceBehavior [ RunTime:0.000044s ]
INFO: [ template_filter ] --END-- [ RunTime:0.000092s ]
INFO: Run Behavior\ParseTemplateBehavior [ RunTime:0.006368s ]
INFO: [ view_parse ] --END-- [ RunTime:0.006437s ]
INFO: [ view_filter ] --START--
INFO: Run Behavior\WriteHtmlCacheBehavior [ RunTime:0.000435s ]
INFO: [ view_filter ] --END-- [ RunTime:0.000480s ]

[ 2016-01-18T09:18:37+08:00 ] 127.0.0.1 /slaker/index.php?m=Home&c=Member&a=login
INFO: [ app_init ] --START--
INFO: Run Behavior\BuildLiteBehavior [ RunTime:0.000012s ]
INFO: [ app_init ] --END-- [ RunTime:0.000063s ]
INFO: [ app_begin ] --START--
INFO: Run Behavior\ReadHtmlCacheBehavior [ RunTime:0.000640s ]
INFO: [ app_begin ] --END-- [ RunTime:0.000693s ]
SQL: SHOW COLUMNS FROM `sl_user` [ RunTime:0.0038s ]
NOTIC: [8192] Function ereg() is deprecated E:\Service\xampp\htdocs\slaker\Application\Home\Model\UserModel.class.php 第 8 行.
SQL: SELECT * FROM `sl_user` WHERE `eid` = '13720132680' LIMIT 1   [ RunTime:0.0003s ]
INFO: [ view_parse ] --START--
INFO: [ template_filter ] --START--
INFO: Run Behavior\ContentReplaceBehavior [ RunTime:0.000043s ]
INFO: [ template_filter ] --END-- [ RunTime:0.000092s ]
INFO: Run Behavior\ParseTemplateBehavior [ RunTime:0.006140s ]
INFO: [ view_parse ] --END-- [ RunTime:0.006208s ]
INFO: [ view_filter ] --START--
INFO: Run Behavior\WriteHtmlCacheBehavior [ RunTime:0.000433s ]
INFO: [ view_filter ] --END-- [ RunTime:0.000478s ]

[ 2016-01-18T09:18:48+08:00 ] 127.0.0.1 /slaker/index.php?m=Home&c=index&a=index
INFO: [ app_init ] --START--
INFO: Run Behavior\BuildLiteBehavior [ RunTime:0.000011s ]
INFO: [ app_init ] --END-- [ RunTime:0.000062s ]
INFO: [ app_begin ] --START--
INFO: Run Behavior\ReadHtmlCacheBehavior [ RunTime:0.000632s ]
INFO: [ app_begin ] --END-- [ RunTime:0.000683s ]
INFO: [ view_parse ] --START--
INFO: [ template_filter ] --START--
INFO: Run Behavior\ContentReplaceBehavior [ RunTime:0.000068s ]
INFO: [ template_filter ] --END-- [ RunTime:0.000113s ]
INFO: Run Behavior\ParseTemplateBehavior [ RunTime:0.009009s ]
INFO: [ view_parse ] --END-- [ RunTime:0.009058s ]
INFO: [ view_filter ] --START--
INFO: Run Behavior\WriteHtmlCacheBehavior [ RunTime:0.000506s ]
INFO: [ view_filter ] --END-- [ RunTime:0.000547s ]
INFO: [ app_end ] --START--
INFO: Run Behavior\ShowPageTraceBehavior [ RunTime:0.000747s ]
INFO: [ app_end ] --END-- [ RunTime:0.000795s ]

[ 2016-01-18T09:18:51+08:00 ] 127.0.0.1 /slaker/index.php?m=Home&c=Member&a=login
INFO: [ app_init ] --START--
INFO: Run Behavior\BuildLiteBehavior [ RunTime:0.000012s ]
INFO: [ app_init ] --END-- [ RunTime:0.000066s ]
INFO: [ app_begin ] --START--
INFO: Run Behavior\ReadHtmlCacheBehavior [ RunTime:0.000650s ]
INFO: [ app_begin ] --END-- [ RunTime:0.000699s ]
SQL: SHOW COLUMNS FROM `sl_audit` [ RunTime:0.0116s ]
NOTIC: [8192] Function ereg() is deprecated E:\Service\xampp\htdocs\slaker\Application\Home\Model\AuditModel.class.php 第 8 行.
SQL: SELECT * FROM `sl_audit` WHERE `email` = 'bebetoo@qq.com' LIMIT 1   [ RunTime:0.0003s ]
SQL: UPDATE `sl_audit` SET `login`=`login`+1,`last_login_time`='1453079931',`last_login_ip`='2130706433' WHERE `uid` = 4 [ RunTime:0.0266s ]
SQL: SELECT * FROM `sl_audit` WHERE ( 4 ) LIMIT 1   [ RunTime:0.0003s ]
INFO: [ view_parse ] --START--
INFO: [ template_filter ] --START--
INFO: Run Behavior\ContentReplaceBehavior [ RunTime:0.000043s ]
INFO: [ template_filter ] --END-- [ RunTime:0.000092s ]
INFO: Run Behavior\ParseTemplateBehavior [ RunTime:0.006280s ]
INFO: [ view_parse ] --END-- [ RunTime:0.006332s ]
INFO: [ view_filter ] --START--
INFO: Run Behavior\WriteHtmlCacheBehavior [ RunTime:0.000445s ]
INFO: [ view_filter ] --END-- [ RunTime:0.000488s ]
INFO: [ app_end ] --START--
INFO: Run Behavior\ShowPageTraceBehavior [ RunTime:0.000683s ]
INFO: [ app_end ] --END-- [ RunTime:0.000728s ]

[ 2016-01-18T09:19:03+08:00 ] 127.0.0.1 /slaker/index.php?m=Home&c=Member&a=logout
INFO: [ app_init ] --START--
INFO: Run Behavior\BuildLiteBehavior [ RunTime:0.000012s ]
INFO: [ app_init ] --END-- [ RunTime:0.000063s ]
INFO: [ app_begin ] --START--
INFO: Run Behavior\ReadHtmlCacheBehavior [ RunTime:0.000632s ]
INFO: [ app_begin ] --END-- [ RunTime:0.000684s ]
INFO: [ view_parse ] --START--
INFO: [ template_filter ] --START--
INFO: Run Behavior\ContentReplaceBehavior [ RunTime:0.000042s ]
INFO: [ template_filter ] --END-- [ RunTime:0.000088s ]
INFO: Run Behavior\ParseTemplateBehavior [ RunTime:0.006275s ]
INFO: [ view_parse ] --END-- [ RunTime:0.006325s ]
INFO: [ view_filter ] --START--
INFO: Run Behavior\WriteHtmlCacheBehavior [ RunTime:0.000496s ]
INFO: [ view_filter ] --END-- [ RunTime:0.000538s ]
INFO: [ app_end ] --START--
INFO: Run Behavior\ShowPageTraceBehavior [ RunTime:0.000700s ]
INFO: [ app_end ] --END-- [ RunTime:0.000748s ]

[ 2016-01-18T09:19:04+08:00 ] 127.0.0.1 /slaker/index.php?m=Home&c=Index&a=index
INFO: [ app_init ] --START--
INFO: Run Behavior\BuildLiteBehavior [ RunTime:0.000012s ]
INFO: [ app_init ] --END-- [ RunTime:0.000070s ]
INFO: [ app_begin ] --START--
INFO: Run Behavior\ReadHtmlCacheBehavior [ RunTime:0.000692s ]
INFO: [ app_begin ] --END-- [ RunTime:0.000744s ]
INFO: [ view_parse ] --START--
INFO: [ template_filter ] --START--
INFO: Run Behavior\ContentReplaceBehavior [ RunTime:0.000072s ]
INFO: [ template_filter ] --END-- [ RunTime:0.000121s ]
INFO: Run Behavior\ParseTemplateBehavior [ RunTime:0.009148s ]
INFO: [ view_parse ] --END-- [ RunTime:0.009198s ]
INFO: [ view_filter ] --START--
INFO: Run Behavior\WriteHtmlCacheBehavior [ RunTime:0.000434s ]
INFO: [ view_filter ] --END-- [ RunTime:0.000476s ]
INFO: [ app_end ] --START--
INFO: Run Behavior\ShowPageTraceBehavior [ RunTime:0.000636s ]
INFO: [ app_end ] --END-- [ RunTime:0.000681s ]

[ 2016-01-18T09:19:06+08:00 ] 127.0.0.1 /slaker/index.php?m=Home&c=Member&a=login
INFO: [ app_init ] --START--
INFO: Run Behavior\BuildLiteBehavior [ RunTime:0.000012s ]
INFO: [ app_init ] --END-- [ RunTime:0.000065s ]
INFO: [ app_begin ] --START--
INFO: Run Behavior\ReadHtmlCacheBehavior [ RunTime:0.000638s ]
INFO: [ app_begin ] --END-- [ RunTime:0.000691s ]
SQL: SHOW COLUMNS FROM `sl_user` [ RunTime:0.0043s ]
NOTIC: [8192] Function ereg() is deprecated E:\Service\xampp\htdocs\slaker\Application\Home\Model\UserModel.class.php 第 8 行.
SQL: SELECT * FROM `sl_user` WHERE `eid` = '13720132680' LIMIT 1   [ RunTime:0.0003s ]
INFO: [ view_parse ] --START--
INFO: [ template_filter ] --START--
INFO: Run Behavior\ContentReplaceBehavior [ RunTime:0.000044s ]
INFO: [ template_filter ] --END-- [ RunTime:0.000094s ]
INFO: Run Behavior\ParseTemplateBehavior [ RunTime:0.006315s ]
INFO: [ view_parse ] --END-- [ RunTime:0.006385s ]
INFO: [ view_filter ] --START--
INFO: Run Behavior\WriteHtmlCacheBehavior [ RunTime:0.000483s ]
INFO: [ view_filter ] --END-- [ RunTime:0.000528s ]

[ 2016-01-18T09:19:49+08:00 ] 127.0.0.1 /slaker/index.php?m=Home&c=Index&a=index
INFO: [ app_init ] --START--
INFO: Run Behavior\BuildLiteBehavior [ RunTime:0.000013s ]
INFO: [ app_init ] --END-- [ RunTime:0.000064s ]
INFO: [ app_begin ] --START--
INFO: Run Behavior\ReadHtmlCacheBehavior [ RunTime:0.002566s ]
INFO: [ app_begin ] --END-- [ RunTime:0.002618s ]
INFO: [ view_parse ] --START--
INFO: [ template_filter ] --START--
INFO: Run Behavior\ContentReplaceBehavior [ RunTime:0.000077s ]
INFO: [ template_filter ] --END-- [ RunTime:0.000128s ]
INFO: Run Behavior\ParseTemplateBehavior [ RunTime:0.017539s ]
INFO: [ view_parse ] --END-- [ RunTime:0.017595s ]
INFO: [ view_filter ] --START--
INFO: Run Behavior\WriteHtmlCacheBehavior [ RunTime:0.002344s ]
INFO: [ view_filter ] --END-- [ RunTime:0.002387s ]
INFO: [ app_end ] --START--
INFO: Run Behavior\ShowPageTraceBehavior [ RunTime:0.002558s ]
INFO: [ app_end ] --END-- [ RunTime:0.002606s ]

[ 2016-01-18T09:19:50+08:00 ] 127.0.0.1 /slaker/index.php?m=Home&c=Member&a=login
INFO: [ app_init ] --START--
INFO: Run Behavior\BuildLiteBehavior [ RunTime:0.000012s ]
INFO: [ app_init ] --END-- [ RunTime:0.000063s ]
INFO: [ app_begin ] --START--
INFO: Run Behavior\ReadHtmlCacheBehavior [ RunTime:0.002575s ]
INFO: [ app_begin ] --END-- [ RunTime:0.002627s ]
SQL: SHOW COLUMNS FROM `sl_user` [ RunTime:0.0039s ]
NOTIC: [8192] Function ereg() is deprecated E:\Service\xampp\htdocs\slaker\Application\Home\Model\UserModel.class.php 第 8 行.
SQL: SELECT * FROM `sl_user` WHERE `eid` = '13720132680' LIMIT 1   [ RunTime:0.0003s ]
INFO: [ view_parse ] --START--
INFO: [ template_filter ] --START--
INFO: Run Behavior\ContentReplaceBehavior [ RunTime:0.000044s ]
INFO: [ template_filter ] --END-- [ RunTime:0.000093s ]
INFO: Run Behavior\ParseTemplateBehavior [ RunTime:0.013103s ]
INFO: [ view_parse ] --END-- [ RunTime:0.013173s ]
INFO: [ view_filter ] --START--
INFO: Run Behavior\WriteHtmlCacheBehavior [ RunTime:0.002348s ]
INFO: [ view_filter ] --END-- [ RunTime:0.002394s ]

[ 2016-01-18T09:19:56+08:00 ] 127.0.0.1 /slaker/index.php?m=Home&c=Index&a=index
INFO: [ app_init ] --START--
INFO: Run Behavior\BuildLiteBehavior [ RunTime:0.000012s ]
INFO: [ app_init ] --END-- [ RunTime:0.000066s ]
INFO: [ app_begin ] --START--
INFO: Run Behavior\ReadHtmlCacheBehavior [ RunTime:0.002557s ]
INFO: [ app_begin ] --END-- [ RunTime:0.002610s ]
INFO: [ view_parse ] --START--
INFO: [ template_filter ] --START--
INFO: Run Behavior\ContentReplaceBehavior [ RunTime:0.000072s ]
INFO: [ template_filter ] --END-- [ RunTime:0.000121s ]
INFO: Run Behavior\ParseTemplateBehavior [ RunTime:0.017178s ]
INFO: [ view_parse ] --END-- [ RunTime:0.017227s ]
INFO: [ view_filter ] --START--
INFO: Run Behavior\WriteHtmlCacheBehavior [ RunTime:0.002438s ]
INFO: [ view_filter ] --END-- [ RunTime:0.002482s ]
INFO: [ app_end ] --START--
INFO: Run Behavior\ShowPageTraceBehavior [ RunTime:0.002563s ]
INFO: [ app_end ] --END-- [ RunTime:0.002609s ]

[ 2016-01-18T09:19:58+08:00 ] 127.0.0.1 /slaker/index.php?m=Home&c=Member&a=login
INFO: [ app_init ] --START--
INFO: Run Behavior\BuildLiteBehavior [ RunTime:0.000014s ]
INFO: [ app_init ] --END-- [ RunTime:0.000074s ]
INFO: [ app_begin ] --START--
INFO: Run Behavior\ReadHtmlCacheBehavior [ RunTime:0.002612s ]
INFO: [ app_begin ] --END-- [ RunTime:0.002678s ]
SQL: SHOW COLUMNS FROM `sl_user` [ RunTime:0.0038s ]
NOTIC: [8192] Function ereg() is deprecated E:\Service\xampp\htdocs\slaker\Application\Home\Model\UserModel.class.php 第 8 行.
SQL: SELECT * FROM `sl_user` WHERE `eid` = '13720132680' LIMIT 1   [ RunTime:0.0003s ]
INFO: [ view_parse ] --START--
INFO: [ template_filter ] --START--
INFO: Run Behavior\ContentReplaceBehavior [ RunTime:0.000046s ]
INFO: [ template_filter ] --END-- [ RunTime:0.000095s ]
INFO: Run Behavior\ParseTemplateBehavior [ RunTime:0.013140s ]
INFO: [ view_parse ] --END-- [ RunTime:0.013212s ]
INFO: [ view_filter ] --START--
INFO: Run Behavior\WriteHtmlCacheBehavior [ RunTime:0.002347s ]
INFO: [ view_filter ] --END-- [ RunTime:0.002392s ]

[ 2016-01-18T09:20:31+08:00 ] 127.0.0.1 /slaker/index.php?m=Home&c=Member&a=login
INFO: [ app_init ] --START--
INFO: Run Behavior\BuildLiteBehavior [ RunTime:0.000012s ]
INFO: [ app_init ] --END-- [ RunTime:0.000065s ]
INFO: [ app_begin ] --START--
INFO: Run Behavior\ReadHtmlCacheBehavior [ RunTime:0.002568s ]
INFO: [ app_begin ] --END-- [ RunTime:0.002624s ]
SQL: SHOW COLUMNS FROM `sl_user` [ RunTime:0.0040s ]
NOTIC: [8192] Function ereg() is deprecated E:\Service\xampp\htdocs\slaker\Application\Home\Model\UserModel.class.php 第 8 行.
SQL: SELECT * FROM `sl_user` WHERE `eid` = '105042003111' LIMIT 1   [ RunTime:0.0004s ]
SQL: UPDATE `sl_user` SET `login`=`login`+1,`last_login_time`='1453080031',`last_login_ip`='2130706433' WHERE `uid` = 4 [ RunTime:0.0003s ]
SQL: SELECT * FROM `sl_user` WHERE ( 4 ) LIMIT 1   [ RunTime:0.0003s ]
SQL: SHOW COLUMNS FROM `sl_organization` [ RunTime:0.0042s ]
SQL: SELECT * FROM `sl_organization` WHERE `id` = 2 LIMIT 1   [ RunTime:0.0005s ]
NOTIC: [8] Undefined index: status E:\Service\xampp\htdocs\slaker\Application\Common\Common\function.php 第 66 行.
INFO: [ view_parse ] --START--
INFO: [ template_filter ] --START--
INFO: Run Behavior\ContentReplaceBehavior [ RunTime:0.000044s ]
INFO: [ template_filter ] --END-- [ RunTime:0.000094s ]
INFO: Run Behavior\ParseTemplateBehavior [ RunTime:0.013036s ]
INFO: [ view_parse ] --END-- [ RunTime:0.013089s ]
INFO: [ view_filter ] --START--
INFO: Run Behavior\WriteHtmlCacheBehavior [ RunTime:0.002360s ]
INFO: [ view_filter ] --END-- [ RunTime:0.002404s ]
INFO: [ app_end ] --START--
INFO: Run Behavior\ShowPageTraceBehavior [ RunTime:0.002608s ]
INFO: [ app_end ] --END-- [ RunTime:0.002657s ]

[ 2016-01-18T09:22:15+08:00 ] 127.0.0.1 /slaker/
INFO: [ app_init ] --START--
INFO: Run Behavior\BuildLiteBehavior [ RunTime:0.000012s ]
INFO: [ app_init ] --END-- [ RunTime:0.000062s ]
INFO: [ app_begin ] --START--
INFO: Run Behavior\ReadHtmlCacheBehavior [ RunTime:0.001084s ]
INFO: [ app_begin ] --END-- [ RunTime:0.001139s ]
INFO: [ view_parse ] --START--
INFO: [ template_filter ] --START--
INFO: Run Behavior\ContentReplaceBehavior [ RunTime:0.000075s ]
INFO: [ template_filter ] --END-- [ RunTime:0.000126s ]
INFO: Run Behavior\ParseTemplateBehavior [ RunTime:0.013274s ]
INFO: [ view_parse ] --END-- [ RunTime:0.013326s ]
INFO: [ view_filter ] --START--
INFO: Run Behavior\WriteHtmlCacheBehavior [ RunTime:0.000885s ]
INFO: [ view_filter ] --END-- [ RunTime:0.000929s ]
INFO: [ app_end ] --START--
INFO: Run Behavior\ShowPageTraceBehavior [ RunTime:0.001106s ]
INFO: [ app_end ] --END-- [ RunTime:0.001154s ]

[ 2016-01-18T09:22:22+08:00 ] 127.0.0.1 /slaker/
INFO: [ app_init ] --START--
INFO: Run Behavior\BuildLiteBehavior [ RunTime:0.000014s ]
INFO: [ app_init ] --END-- [ RunTime:0.000067s ]
INFO: [ app_begin ] --START--
INFO: Run Behavior\ReadHtmlCacheBehavior [ RunTime:0.001075s ]
INFO: [ app_begin ] --END-- [ RunTime:0.001129s ]
INFO: [ view_parse ] --START--
INFO: [ template_filter ] --START--
INFO: Run Behavior\ContentReplaceBehavior [ RunTime:0.000081s ]
INFO: [ template_filter ] --END-- [ RunTime:0.000143s ]
INFO: Run Behavior\ParseTemplateBehavior [ RunTime:0.012774s ]
INFO: [ view_parse ] --END-- [ RunTime:0.012833s ]
INFO: [ view_filter ] --START--
INFO: Run Behavior\WriteHtmlCacheBehavior [ RunTime:0.000883s ]
INFO: [ view_filter ] --END-- [ RunTime:0.000926s ]
INFO: [ app_end ] --START--
INFO: Run Behavior\ShowPageTraceBehavior [ RunTime:0.001077s ]
INFO: [ app_end ] --END-- [ RunTime:0.001126s ]

