[ 2015-07-24T09:12:42+08:00 ] 127.0.0.1 /slaker/index.php?m=Member
INFO: [ app_init ] --START--
INFO: Run Behavior\BuildLiteBehavior [ RunTime:0.000012s ]
INFO: [ app_init ] --END-- [ RunTime:0.000066s ]
ERR: 无法加载模块:Member

[ 2015-07-24T09:12:56+08:00 ] 127.0.0.1 /slaker/index.php?m=Member&c=login
INFO: [ app_init ] --START--
INFO: Run Behavior\BuildLiteBehavior [ RunTime:0.000013s ]
INFO: [ app_init ] --END-- [ RunTime:0.000073s ]
ERR: 无法加载模块:Member

[ 2015-07-24T13:03:28+08:00 ] 127.0.0.1 /slaker/img/headshot.png
INFO: [ app_init ] --START--
INFO: Run Behavior\BuildLiteBehavior [ RunTime:0.000012s ]
INFO: [ app_init ] --END-- [ RunTime:0.000066s ]
ERR: 无法加载模块:Img

[ 2015-07-24T13:07:19+08:00 ] 127.0.0.1 /slaker/img/headshot.png
INFO: [ app_init ] --START--
INFO: Run Behavior\BuildLiteBehavior [ RunTime:0.000014s ]
INFO: [ app_init ] --END-- [ RunTime:0.000072s ]
ERR: 无法加载模块:Img

