[ 2015-07-22T09:46:00+08:00 ] 127.0.0.1 /slaker/navbar.css
INFO: [ app_init ] --START--
INFO: Run Behavior\BuildLiteBehavior [ RunTime:0.000013s ]
INFO: [ app_init ] --END-- [ RunTime:0.000065s ]
ERR: 无法加载模块:Navbar

[ 2015-07-22T09:46:00+08:00 ] 127.0.0.1 /slaker/navbar.css
INFO: [ app_init ] --START--
INFO: Run Behavior\BuildLiteBehavior [ RunTime:0.000012s ]
INFO: [ app_init ] --END-- [ RunTime:0.000067s ]
ERR: 无法加载模块:Navbar

[ 2015-07-22T09:48:37+08:00 ] 127.0.0.1 /slaker/__Public__/css/navbar.css
INFO: [ app_init ] --START--
INFO: Run Behavior\BuildLiteBehavior [ RunTime:0.000013s ]
INFO: [ app_init ] --END-- [ RunTime:0.000067s ]
ERR: 无法加载模块:__Public__

[ 2015-07-22T09:48:38+08:00 ] 127.0.0.1 /slaker/__Public__/css/navbar.css
INFO: [ app_init ] --START--
INFO: Run Behavior\BuildLiteBehavior [ RunTime:0.000012s ]
INFO: [ app_init ] --END-- [ RunTime:0.000064s ]
ERR: 无法加载模块:__Public__

[ 2015-07-22T09:48:38+08:00 ] 127.0.0.1 /slaker/__Public__/css/navbar.css
INFO: [ app_init ] --START--
INFO: Run Behavior\BuildLiteBehavior [ RunTime:0.000012s ]
INFO: [ app_init ] --END-- [ RunTime:0.000067s ]
ERR: 无法加载模块:__Public__

[ 2015-07-22T09:48:54+08:00 ] 127.0.0.1 /slaker/__Public__/css/home.css
INFO: [ app_init ] --START--
INFO: Run Behavior\BuildLiteBehavior [ RunTime:0.000013s ]
INFO: [ app_init ] --END-- [ RunTime:0.000065s ]
ERR: 无法加载模块:__Public__

[ 2015-07-22T09:48:54+08:00 ] 127.0.0.1 /slaker/__Public__/css/home.css
INFO: [ app_init ] --START--
INFO: Run Behavior\BuildLiteBehavior [ RunTime:0.000011s ]
INFO: [ app_init ] --END-- [ RunTime:0.000060s ]
ERR: 无法加载模块:__Public__

[ 2015-07-22T09:48:55+08:00 ] 127.0.0.1 /slaker/__Public__/css/home.css
INFO: [ app_init ] --START--
INFO: Run Behavior\BuildLiteBehavior [ RunTime:0.000013s ]
INFO: [ app_init ] --END-- [ RunTime:0.000066s ]
ERR: 无法加载模块:__Public__

[ 2015-07-22T09:48:56+08:00 ] 127.0.0.1 /slaker/__Public__/css/home.css
INFO: [ app_init ] --START--
INFO: Run Behavior\BuildLiteBehavior [ RunTime:0.000012s ]
INFO: [ app_init ] --END-- [ RunTime:0.000064s ]
ERR: 无法加载模块:__Public__

[ 2015-07-22T10:02:14+08:00 ] 127.0.0.1 /slaker/index.php?m=Reg&c=Index&a=index
INFO: [ app_init ] --START--
INFO: Run Behavior\BuildLiteBehavior [ RunTime:0.000011s ]
INFO: [ app_init ] --END-- [ RunTime:0.000062s ]
ERR: 无法加载模块:Reg

[ 2015-07-22T16:30:11+08:00 ] 127.0.0.1 /slaker/img/headshot.png
INFO: [ app_init ] --START--
INFO: Run Behavior\BuildLiteBehavior [ RunTime:0.000014s ]
INFO: [ app_init ] --END-- [ RunTime:0.000067s ]
ERR: 无法加载模块:Img

